<?xml version="1.0" encoding="utf-8"?><testsuites name="pytest tests"><testsuite name="pytest" errors="0" failures="0" skipped="0" tests="1303" time="119.522" timestamp="2026-09-08T23:03:50.500534-07:00" hostname="wormpc"><testcase classname="tests.test_aggregation" name="test_single_vector_returns_same_normalized_vector" time="0.001" /><testcase classname="tests.test_aggregation" name="test_identical_vectors_aggregate_to_same_vector" time="0.001" /><testcase classname="tests.test_aggregation" name="test_orthogonal_vectors_average_to_diagonal" time="0.001" /><testcase classname="tests.test_aggregation" name="test_permutation_invariance" time="0.001" /><testcase classname="tests.test_aggregation" name="test_output_is_finite_unit_vector" time="0.001" /><testcase classname="tests.test_aggregation" name="test_opposite_vectors_raise_zero_norm" time="0.001" /><testcase classname="tests.test_aggregation" name="test_zero_vector_input_raises_zero_norm" time="0.000" /><testcase classname="tests.test_aggregation" name="test_empty_input_raises" time="0.001" /><testcase classname="tests.test_aggregation" name="test_dimension_mismatch_raises" time="0.001" /><testcase classname="tests.test_aggregation" name="test_non_finite_inputs_raise[nan]" time="0.001" /><testcase classname="tests.test_aggregation" name="test_non_finite_inputs_raise[inf]" time="0.001" /><testcase classname="tests.test_aggregation" name="test_non_finite_inputs_raise[-inf]" time="0.001" /><testcase classname="tests.test_aggregation" name="test_meanl2_strategy_object_contract" time="0.001" /><testcase classname="tests.test_aggregation" name="test_default_aggregator_is_mean_l2_v1" time="0.000" /><testcase classname="tests.test_audio" name="test_mono_input_remains_valid" time="0.054" /><testcase classname="tests.test_audio" name="test_stereo_converts_to_mono_as_channel_mean" time="0.054" /><testcase classname="tests.test_audio" name="test_resampling_to_24khz" time="0.031" /><testcase classname="tests.test_audio" name="test_short_clip_is_zero_padded" time="0.011" /><testcase classname="tests.test_audio" name="test_long_clip_is_truncated" time="0.067" /><testcase classname="tests.test_audio" name="test_exact_length_clip_unchanged" time="0.012" /><testcase classname="tests.test_audio" name="test_malformed_audio_raises_typed_failure" time="0.004" /><testcase classname="tests.test_audio" name="test_zero_length_audio_raises_duration_invalid" time="0.002" /><testcase classname="tests.test_audio" name="test_preprocess_rejects_non_1d_result" time="0.008" /><testcase classname="tests.test_audio" name="test_target_samples_property" time="0.001" /><testcase classname="tests.test_batch_resume" name="test_analysis_key_is_stable_and_order_independent" time="0.001" /><testcase classname="tests.test_batch_resume" name="test_batch_encodes_all_tracks" time="0.354" /><testcase classname="tests.test_batch_resume" name="test_embeddings_roundtrip_through_store" time="0.210" /><testcase classname="tests.test_batch_resume" name="test_rerun_skips_completed_without_duplicates" time="0.211" /><testcase classname="tests.test_batch_resume" name="test_interruption_then_resume_preserves_and_completes" time="0.243" /><testcase classname="tests.test_batch_resume" name="test_resume_encodes_only_missing_tracks" time="0.222" /><testcase classname="tests.test_batch_resume" name="test_model_change_reencodes_under_new_key" time="0.230" /><testcase classname="tests.test_batch_resume" name="test_corrupt_track_recorded_and_batch_continues" time="0.208" /><testcase classname="tests.test_batch_resume" name="test_failure_classification_mapping" time="0.000" /><testcase classname="tests.test_batch_resume" name="test_model_and_output_failures_are_typed" time="0.181" /><testcase classname="tests.test_batch_resume" name="test_retryable_flag_matches_design_taxonomy" time="0.013" /><testcase classname="tests.test_batch_resume" name="test_same_waveform_same_embedding_across_runs" time="0.192" /><testcase classname="tests.test_chart_batch_expansion" name="test_append_preserves_batches_deduplicates_and_is_idempotent" time="0.393" /><testcase classname="tests.test_chart_batch_expansion" name="test_changed_historical_manifest_is_rejected" time="0.005" /><testcase classname="tests.test_chart_batch_expansion" name="test_completion_stops_on_provider_error_without_freezing" time="0.004" /><testcase classname="tests.test_chart_batch_expansion" name="test_completion_freezes_only_when_pending_is_zero" time="0.004" /><testcase classname="tests.test_chart_catalog" name="test_sources_are_deterministic_and_do_not_fabricate_2026_annual" time="0.000" /><testcase classname="tests.test_chart_catalog" name="test_metadata_worker_is_serial" time="0.002" /><testcase classname="tests.test_chart_catalog" name="test_literal_dedup_preserves_appearances_and_versions" time="0.000" /><testcase classname="tests.test_chart_catalog" name="test_exact_match_does_not_accept_cover_or_remix" time="0.000" /><testcase classname="tests.test_chart_catalog" name="test_artist_substring_not_sufficient" time="0.000" /><testcase classname="tests.test_chart_catalog" name="test_duration_ambiguity_is_not_silently_selected" time="0.000" /><testcase classname="tests.test_chart_catalog" name="test_equivalent_editions_deterministic" time="0.000" /><testcase classname="tests.test_chart_catalog" name="test_resume_and_request_bound" time="0.002" /><testcase classname="tests.test_chart_catalog" name="test_provider_error_not_cached_as_empty" time="0.002" /><testcase classname="tests.test_chart_catalog" name="test_existing_metadata_hit_prevents_search" time="0.001" /><testcase classname="tests.test_chart_catalog" name="test_recording_dedup_retains_cross_chart_evidence" time="0.001" /><testcase classname="tests.test_chart_download_batches" name="test_deterministic_nonoverlapping_batches_and_older_hit_recordings" time="0.033" /><testcase classname="tests.test_chart_download_batches" name="test_batch_size_is_bounded[0]" time="0.001" /><testcase classname="tests.test_chart_download_batches" name="test_batch_size_is_bounded[501]" time="0.001" /><testcase classname="tests.test_chart_download_batches" name="test_batch_size_is_bounded[True]" time="0.000" /><testcase classname="tests.test_chart_download_batches" name="test_pending_or_ambiguous_cannot_enter_download_queue" time="0.001" /><testcase classname="tests.test_chart_download_batches" name="test_snapshot_freeze_tamper_and_reprepare_guard" time="0.007" /><testcase classname="tests.test_chart_download_batches" name="test_run_is_only_requested_batch_resume_and_shared_provider_state" time="0.020" /><testcase classname="tests.test_chart_download_batches" name="test_old_open_circuit_cannot_be_bypassed_by_switching_catalog" time="0.007" /><testcase classname="tests.test_chart_download_batches" name="test_familiar_command_now_uses_chart_runner" time="0.001" /><testcase classname="tests.test_chart_download_batches" name="test_old_safety_state_carries_forward_and_new_circuit_survives_batch_change" time="0.015" /><testcase classname="tests.test_chart_seed_pilot" name="test_aria_nested_text_and_entities" time="0.001" /><testcase classname="tests.test_chart_seed_pilot" name="test_billboard_uses_mobile_rank_once" time="0.001" /><testcase classname="tests.test_chart_seed_pilot" name="test_incomplete_or_redirect_page_rejected[]" time="0.001" /><testcase classname="tests.test_chart_seed_pilot" name="test_incomplete_or_redirect_page_rejected[&lt;p class=&quot;rank&quot;&gt;2&lt;/p&gt;]" time="0.001" /><testcase classname="tests.test_chart_seed_pilot" name="test_incomplete_or_redirect_page_rejected[&lt;p class=&quot;rank&quot;&gt;1&lt;/p&gt;]" time="0.001" /><testcase classname="tests.test_chart_seed_pilot" name="test_pilot_is_bounded_and_has_no_future_annual_chart" time="0.000" /><testcase classname="tests.test_chart_seed_pilot" name="test_freeze_refuses_replacement" time="0.002" /><testcase classname="tests.test_chart_seed_pilot" name="test_requested_year_in_navigation_does_not_prove_chart_period" time="0.001" /><testcase classname="tests.test_deploy_bundle" name="test_referenced_track_ids_union" time="0.015" /><testcase classname="tests.test_deploy_bundle" name="test_bundle_copies_only_referenced_audio" time="0.149" /><testcase classname="tests.test_deploy_bundle" name="test_bundle_regenerates_cleanly" time="0.296" /><testcase classname="tests.test_deploy_bundle" name="test_bundle_handles_missing_audio_gracefully" time="0.158" /><testcase classname="tests.test_encoder_contract" name="test_factor_embeddings_have_contract_shape_and_norm" time="0.069" /><testcase classname="tests.test_encoder_contract" name="test_general_mert_baseline_is_5120_and_normalized" time="0.060" /><testcase classname="tests.test_encoder_contract" name="test_one_shared_forward_pass_per_waveform" time="0.081" /><testcase classname="tests.test_encoder_contract" name="test_extract_layers_are_pulled_from_hidden_states" time="0.067" /><testcase classname="tests.test_encoder_contract" name="test_deterministic_for_identical_input" time="0.125" /><testcase classname="tests.test_encoder_contract" name="test_different_inputs_give_different_embeddings" time="0.075" /><testcase classname="tests.test_encoder_contract" name="test_projection_head_normalizes_output" time="0.003" /><testcase classname="tests.test_encoder_contract" name="test_head_checkpoint_roundtrip" time="0.007" /><testcase classname="tests.test_encoder_contract" name="test_missing_head_rejected" time="0.044" /><testcase classname="tests.test_encoder_contract" name="test_validate_factor_vector_rejects_bad_outputs" time="0.001" /><testcase classname="tests.test_encoder_contract" name="test_encode_rejects_non_1d_input" time="0.049" /><testcase classname="tests.test_eval_server" name="test_index_served" time="0.516" /><testcase classname="tests.test_eval_server" name="test_session_endpoint" time="0.516" /><testcase classname="tests.test_eval_server" name="test_rating_via_http_persists" time="0.526" /><testcase classname="tests.test_eval_server" name="test_invalid_rating_rejected" time="0.515" /><testcase classname="tests.test_eval_server" name="test_audio_streaming_with_range" time="0.517" /><testcase classname="tests.test_eval_server" name="test_unknown_audio_404" time="0.516" /><testcase classname="tests.test_eval_server" name="test_ping_and_cors_headers" time="0.517" /><testcase classname="tests.test_eval_server" name="test_note_via_http" time="0.523" /><testcase classname="tests.test_eval_server" name="test_rating_with_reviewer_attribution" time="0.523" /><testcase classname="tests.test_eval_server" name="test_import_via_http" time="0.527" /><testcase classname="tests.test_eval_server" name="test_holistic_export_downloads_authoritative_csv" time="0.517" /><testcase classname="tests.test_eval_server" name="test_holistic_multi_reviewer_votes_survive_http_roundtrip" time="0.527" /><testcase classname="tests.test_eval_store" name="test_session_hides_representation_names_and_raw_neighbor_ids" time="0.031" /><testcase classname="tests.test_eval_store" name="test_progress_counts" time="0.030" /><testcase classname="tests.test_eval_store" name="test_rate_factor_cell_persists_atomically" time="0.038" /><testcase classname="tests.test_eval_store" name="test_invalid_rating_rejected_without_write" time="0.018" /><testcase classname="tests.test_eval_store" name="test_unknown_cell_rejected" time="0.020" /><testcase classname="tests.test_eval_store" name="test_x_rating_accepted" time="0.023" /><testcase classname="tests.test_eval_store" name="test_rate_ab_trial_roundtrip" time="0.022" /><testcase classname="tests.test_eval_store" name="test_audio_resolution_for_blinded_ab_sides" time="0.024" /><testcase classname="tests.test_eval_store" name="test_missing_audio_returns_none" time="0.017" /><testcase classname="tests.test_eval_store" name="test_rating_records_reviewer" time="0.023" /><testcase classname="tests.test_eval_store" name="test_note_persists_and_migrates_legacy_sheets" time="0.031" /><testcase classname="tests.test_eval_store" name="test_import_ratings_fills_empty_only_by_default" time="0.040" /><testcase classname="tests.test_eval_store" name="test_import_ignores_invalid_values_and_unknown_ids" time="0.027" /><testcase classname="tests.test_eval_store" name="test_second_reviewer_does_not_override_primary" time="0.027" /><testcase classname="tests.test_eval_store" name="test_same_reviewer_self_correction_updates_primary" time="0.027" /><testcase classname="tests.test_eval_store" name="test_session_reports_judgment_count" time="0.037" /><testcase classname="tests.test_eval_store" name="test_ab_conflicting_choices_logged_not_overridden" time="0.027" /><testcase classname="tests.test_eval_store" name="test_holistic_second_reviewer_is_preserved_and_reported" time="0.031" /><testcase classname="tests.test_eval_store" name="test_legacy_primary_is_seeded_before_second_reviewer" time="0.028" /><testcase classname="tests.test_eval_store" name="test_import_conflict_preserves_and_logs" time="0.033" /><testcase classname="tests.test_eval_store" name="test_legacy_sheet_without_log_columns_still_rates" time="0.014" /><testcase classname="tests.test_full_song_muq" name="test_full_coverage[1]" time="0.002" /><testcase classname="tests.test_full_song_muq" name="test_full_coverage[2400]" time="0.002" /><testcase classname="tests.test_full_song_muq" name="test_full_coverage[239976]" time="0.002" /><testcase classname="tests.test_full_song_muq" name="test_full_coverage[239999]" time="0.002" /><testcase classname="tests.test_full_song_muq" name="test_full_coverage[240000]" time="0.003" /><testcase classname="tests.test_full_song_muq" name="test_full_coverage[240001]" time="0.002" /><testcase classname="tests.test_full_song_muq" name="test_full_coverage[240024]" time="0.002" /><testcase classname="tests.test_full_song_muq" name="test_full_coverage[479976]" time="0.002" /><testcase classname="tests.test_full_song_muq" name="test_full_coverage[480000]" time="0.002" /><testcase classname="tests.test_full_song_muq" name="test_full_coverage[480001]" time="0.003" /><testcase classname="tests.test_full_song_muq" name="test_full_coverage[480024]" time="0.002" /><testcase classname="tests.test_full_song_muq" name="test_bad_embeddings[v0-ZERO_NORM]" time="0.001" /><testcase classname="tests.test_full_song_muq" name="test_bad_embeddings[v1-INVALID_EMBEDDING]" time="0.001" /><testcase classname="tests.test_full_song_muq" name="test_bad_embeddings[v2-INVALID_EMBEDDING]" time="0.001" /><testcase classname="tests.test_full_song_muq" name="test_bad_embeddings[v3-INVALID_EMBEDDING]" time="0.001" /><testcase classname="tests.test_full_song_muq" name="test_bad_embeddings[v4-ZERO_NORM]" time="0.001" /><testcase classname="tests.test_full_song_muq" name="test_empty_nonfinite_mid_failure" time="0.003" /><testcase classname="tests.test_full_song_muq" name="test_pool_and_resume" time="0.084" /><testcase classname="tests.test_full_song_muq" name="test_serialization_create_once" time="0.014" /><testcase classname="tests.test_full_song_muq" name="test_parquet_column_order_survives_json_cache" time="0.008" /><testcase classname="tests.test_holistic_contract" name="test_center5_exact_intervals[30.0-expected0]" time="0.001" /><testcase classname="tests.test_holistic_contract" name="test_center5_exact_intervals[600.0-expected1]" time="0.001" /><testcase classname="tests.test_holistic_contract" name="test_center5_exact_intervals[10.0-expected2]" time="0.001" /><testcase classname="tests.test_holistic_contract" name="test_center5_exact_intervals[5.0-expected3]" time="0.001" /><testcase classname="tests.test_holistic_contract" name="test_center5_exact_intervals[3.0-expected4]" time="0.001" /><testcase classname="tests.test_holistic_contract" name="test_center5_is_identical_across_calls" time="0.000" /><testcase classname="tests.test_holistic_contract" name="test_center5_identity_stable" time="0.000" /><testcase classname="tests.test_holistic_contract" name="test_fake_encoder_satisfies_protocol" time="0.000" /><testcase classname="tests.test_holistic_contract" name="test_arbitrary_embedding_dimensions" time="0.005" /><testcase classname="tests.test_holistic_contract" name="test_output_finite_normalized_nonzero" time="0.001" /><testcase classname="tests.test_holistic_contract" name="test_deterministic_same_input_same_output" time="0.003" /><testcase classname="tests.test_holistic_contract" name="test_different_inputs_differ" time="0.002" /><testcase classname="tests.test_holistic_contract" name="test_provenance_records_sample_rate_not_metadata" time="0.001" /><testcase classname="tests.test_holistic_contract" name="test_holistic_embedding_validation" time="0.001" /><testcase classname="tests.test_holistic_encoders" name="test_adapters_satisfy_holistic_protocol_and_contract[adapter0-512]" time="0.001" /><testcase classname="tests.test_holistic_encoders" name="test_adapters_satisfy_holistic_protocol_and_contract[adapter1-5120]" time="0.004" /><testcase classname="tests.test_holistic_encoders" name="test_adapters_satisfy_holistic_protocol_and_contract[adapter2-1024]" time="0.004" /><testcase classname="tests.test_holistic_encoders" name="test_adapters_satisfy_holistic_protocol_and_contract[adapter3-512]" time="1.970" /><testcase classname="tests.test_holistic_encoders" name="test_muq_rejects_wrong_sample_rate" time="0.001" /><testcase classname="tests.test_holistic_encoders" name="test_muq_detects_dimension_mismatch" time="0.001" /><testcase classname="tests.test_holistic_encoders" name="test_mert_variant_dimensions_and_layers" time="0.006" /><testcase classname="tests.test_holistic_encoders" name="test_unknown_mert_variant_rejected" time="0.001" /><testcase classname="tests.test_holistic_encoders" name="test_clap_records_windowing_provenance_and_resamples" time="0.003" /><testcase classname="tests.test_holistic_encoders" name="test_clap_accepts_any_input_length_via_library_quantization" time="0.001" /><testcase classname="tests.test_holistic_encoders" name="test_muq_deterministic_per_instance" time="0.002" /><testcase classname="tests.test_holistic_eval" name="test_top_k_excludes_self_deterministic_order" time="0.001" /><testcase classname="tests.test_holistic_eval" name="test_union_collects_per_encoder_tops_and_claims" time="0.005" /><testcase classname="tests.test_holistic_eval" name="test_trial_side_randomization_is_seeded" time="0.005" /><testcase classname="tests.test_holistic_eval" name="test_anchor_negative_comes_from_outside_candidates" time="0.003" /><testcase classname="tests.test_holistic_eval" name="test_write_blinded_sheets_roundtrip" time="0.004" /><testcase classname="tests.test_holistic_eval" name="test_no_duplicate_pairs_for_same_query" time="0.003" /><testcase classname="tests.test_human_eval_summary" name="test_utility_gates_pass_and_fail" time="0.015" /><testcase classname="tests.test_human_eval_summary" name="test_x_ratings_excluded_from_stats_but_counted" time="0.008" /><testcase classname="tests.test_human_eval_summary" name="test_invalid_rating_raises" time="0.005" /><testcase classname="tests.test_human_eval_summary" name="test_ab_preference_rate" time="0.015" /><testcase classname="tests.test_identity_probe_closeout" name="test_incremental_control_with_unknown_and_caliper" time="0.001" /><testcase classname="tests.test_library_batches" name="test_complete_library_deduplicated_and_frozen" time="0.005" /><testcase classname="tests.test_library_batches" name="test_sequential_dispatch_and_stop[FINISHED-3]" time="0.005" /><testcase classname="tests.test_library_batches" name="test_sequential_dispatch_and_stop[STOPPED-1]" time="0.005" /><testcase classname="tests.test_library_batches" name="test_sequential_dispatch_and_stop[CIRCUIT_STOPPED-1]" time="0.004" /><testcase classname="tests.test_manifest" name="test_discover_is_sorted_by_track_id_not_traversal" time="0.008" /><testcase classname="tests.test_manifest" name="test_build_manifest_joins_metadata_and_sorts" time="0.030" /><testcase classname="tests.test_manifest" name="test_missing_metadata_keeps_track_represented" time="0.025" /><testcase classname="tests.test_manifest" name="test_corrupt_audio_stays_in_manifest_as_decode_failed" time="0.029" /><testcase classname="tests.test_manifest" name="test_load_manifest_validates_columns" time="0.043" /><testcase classname="tests.test_manifest" name="test_fma_real_metadata_loads" time="2.399" /><testcase classname="tests.test_metrics" name="test_genre_overlap_counts_matching_genres" time="0.002" /><testcase classname="tests.test_metrics" name="test_genre_overlap_none_when_query_genre_missing" time="0.002" /><testcase classname="tests.test_metrics" name="test_same_artist_rate" time="0.002" /><testcase classname="tests.test_metrics" name="test_jaccard_at_k" time="0.000" /><testcase classname="tests.test_metrics" name="test_jaccard_empty_returns_none" time="0.001" /><testcase classname="tests.test_metrics" name="test_pair_scores_same_pairs_across_representations" time="0.002" /><testcase classname="tests.test_metrics" name="test_correlation_matrices_symmetric_diagonal_one" time="0.004" /><testcase classname="tests.test_metrics" name="test_correlation_perfectly_identical_columns_score_one" time="0.003" /><testcase classname="tests.test_mir_metrics" name="test_all_features_finite_and_shaped" time="1.358" /><testcase classname="tests.test_mir_metrics" name="test_deterministic_reextraction" time="0.261" /><testcase classname="tests.test_mir_metrics" name="test_short_clip_raises" time="0.001" /><testcase classname="tests.test_mir_metrics" name="test_config_hash_changes_with_version" time="0.001" /><testcase classname="tests.test_mir_metrics" name="test_melody_invariance_fixture" time="0.011" /><testcase classname="tests.test_mir_metrics" name="test_rhythm_invariance_fixture" time="0.007" /><testcase classname="tests.test_mir_metrics" name="test_timbre_invariance_fixture" time="0.002" /><testcase classname="tests.test_mir_metrics" name="test_identity_similarity_is_one" time="0.005" /><testcase classname="tests.test_mir_metrics" name="test_transposition_shift_detects_key_change" time="0.001" /><testcase classname="tests.test_mir_metrics" name="test_dtw_symmetry_on_identical_sequences" time="0.001" /><testcase classname="tests.test_mir_metrics" name="test_percentile_boundaries" time="0.001" /><testcase classname="tests.test_mir_metrics" name="test_factor_scores_are_component_means" time="0.000" /><testcase classname="tests.test_mir_metrics" name="test_specificity_margin" time="0.000" /><testcase classname="tests.test_mir_metrics" name="test_feature_cache_roundtrip" time="0.108" /><testcase classname="tests.test_ox_alpha" name="test_valid_preference_a" time="0.001" /><testcase classname="tests.test_ox_alpha" name="test_valid_preferences_roundtrip[A]" time="0.001" /><testcase classname="tests.test_ox_alpha" name="test_valid_preferences_roundtrip[B]" time="0.001" /><testcase classname="tests.test_ox_alpha" name="test_valid_preferences_roundtrip[Tie]" time="0.001" /><testcase classname="tests.test_ox_alpha" name="test_valid_abstain" time="0.001" /><testcase classname="tests.test_ox_alpha" name="test_invalid_confidence_rejected[-0.1]" time="0.001" /><testcase classname="tests.test_ox_alpha" name="test_invalid_confidence_rejected[1.5]" time="0.001" /><testcase classname="tests.test_ox_alpha" name="test_invalid_confidence_rejected[nan]" time="0.001" /><testcase classname="tests.test_ox_alpha" name="test_invalid_confidence_rejected[inf]" time="0.001" /><testcase classname="tests.test_ox_alpha" name="test_invalid_confidence_rejected[high]" time="0.001" /><testcase classname="tests.test_ox_alpha" name="test_invalid_confidence_rejected[True]" time="0.001" /><testcase classname="tests.test_ox_alpha" name="test_missing_required_field_rejected" time="0.001" /><testcase classname="tests.test_ox_alpha" name="test_missing_dimension_rejected" time="0.001" /><testcase classname="tests.test_ox_alpha" name="test_invalid_enum_rejected" time="0.001" /><testcase classname="tests.test_ox_alpha" name="test_invalid_dimension_value_rejected" time="0.001" /><testcase classname="tests.test_ox_alpha" name="test_malformed_json_raises_typed_error" time="0.000" /><testcase classname="tests.test_ox_alpha" name="test_non_json_top_level_rejected" time="0.000" /><testcase classname="tests.test_ox_alpha" name="test_schema_incompatibility_extra_keys_rejected" time="0.001" /><testcase classname="tests.test_ox_alpha" name="test_abstain_conflict_rejected" time="0.001" /><testcase classname="tests.test_ox_alpha" name="test_prompt_is_versioned_and_contains_required_instructions" time="0.000" /><testcase classname="tests.test_ox_alpha" name="test_build_messages_attaches_three_images_with_opaque_labels" time="0.000" /><testcase classname="tests.test_ox_alpha" name="test_fake_client_scripted_sequence_and_parse_status" time="0.003" /><testcase classname="tests.test_ox_alpha" name="test_cache_resume_skips_completed_jobs" time="0.002" /><testcase classname="tests.test_ox_alpha" name="test_cache_key_changes_when_any_identity_component_changes" time="0.001" /><testcase classname="tests.test_ox_alpha" name="test_budget_planning_guardrail" time="0.001" /><testcase classname="tests.test_ox_alpha" name="test_all_allowed_preferences_constant" time="0.001" /><testcase classname="tests.test_ox_alpha_runner" name="test_synthetic_cases_are_deterministic_and_distinct" time="0.406" /><testcase classname="tests.test_ox_alpha_runner" name="test_render_case_views_returns_all_three_views" time="0.174" /><testcase classname="tests.test_ox_alpha_runner" name="test_planned_request_math" time="0.001" /><testcase classname="tests.test_ox_alpha_runner" name="test_budget_aborts_over_cap_before_any_call" time="0.128" /><testcase classname="tests.test_ox_alpha_runner" name="test_fake_mode_run_completes_and_caches" time="1.071" /><testcase classname="tests.test_ox_alpha_runner" name="test_live_refusal_without_credentials" time="0.150" /><testcase classname="tests.test_phase1b_freeze" name="test_load_frozen_retrievals_parses_cell_ids" time="0.018" /><testcase classname="tests.test_phase1b_freeze" name="test_build_cases_groups_and_exclusions" time="0.027" /><testcase classname="tests.test_phase1b_freeze" name="test_hard_negative_constraints" time="0.010" /><testcase classname="tests.test_phase1b_freeze" name="test_random_negative_determinism" time="0.008" /><testcase classname="tests.test_phase1b_integration" name="test_end_to_end_scoring_and_artifacts" time="0.361" /><testcase classname="tests.test_phase1b_report" name="test_bootstrap_ci_recovers_median" time="0.073" /><testcase classname="tests.test_phase1b_report" name="test_paired_diff_positive_when_a_bigger" time="0.054" /><testcase classname="tests.test_phase1b_report" name="test_cliffs_delta_direction" time="0.001" /><testcase classname="tests.test_phase1b_report" name="test_factor_specificity_report_math" time="0.105" /><testcase classname="tests.test_phase1b_report" name="test_construct_validity_prefers_target_over_controls" time="0.009" /><testcase classname="tests.test_phase1b_report" name="test_original_gate_preserved_verbatim" time="0.001" /><testcase classname="tests.test_phase1b_report" name="test_correlation_matrix_flags_leakage" time="0.004" /><testcase classname="tests.test_phase1b_report" name="test_disagreement_buckets" time="0.003" /><testcase classname="tests.test_phase2_integration" name="test_full_pipeline_sampling_rendering_encoding_aggregation" time="0.162" /><testcase classname="tests.test_phase2_integration" name="test_ox_alpha_reranker_is_optional_and_cannot_corrupt_base_result" time="0.068" /><testcase classname="tests.test_phase2_integration" name="test_messages_and_images_flow_into_fake_client" time="0.000" /><testcase classname="tests.test_retrieval" name="test_l2_normalize_rows" time="0.001" /><testcase classname="tests.test_retrieval" name="test_self_is_top1_before_exclusion" time="0.298" /><testcase classname="tests.test_retrieval" name="test_self_never_appears_after_exclusion" time="0.002" /><testcase classname="tests.test_retrieval" name="test_scores_monotonically_nonincreasing" time="0.001" /><testcase classname="tests.test_retrieval" name="test_no_duplicate_neighbor_ids" time="0.001" /><testcase classname="tests.test_retrieval" name="test_deterministic_for_identical_input" time="0.001" /><testcase classname="tests.test_retrieval" name="test_ties_broken_by_track_id" time="0.001" /><testcase classname="tests.test_retrieval" name="test_exclude_same_artist" time="0.001" /><testcase classname="tests.test_retrieval" name="test_unknown_representation_raises" time="0.001" /><testcase classname="tests.test_retrieval" name="test_conventional_matrix_aligned_and_searchable" time="0.283" /><testcase classname="tests.test_retrieval" name="test_conventional_matrix_wrong_length_raises" time="0.286" /><testcase classname="tests.test_sampling" name="test_first30_exact_intervals[10.0-expected0]" time="0.001" /><testcase classname="tests.test_sampling" name="test_first30_exact_intervals[29.0-expected1]" time="0.001" /><testcase classname="tests.test_sampling" name="test_first30_exact_intervals[30.0-expected2]" time="0.001" /><testcase classname="tests.test_sampling" name="test_first30_exact_intervals[31.0-expected3]" time="0.001" /><testcase classname="tests.test_sampling" name="test_first30_exact_intervals[60.0-expected4]" time="0.001" /><testcase classname="tests.test_sampling" name="test_first30_exact_intervals[180.0-expected5]" time="0.001" /><testcase classname="tests.test_sampling" name="test_first30_exact_intervals[600.0-expected6]" time="0.001" /><testcase classname="tests.test_sampling" name="test_center30_exact_intervals[10.0-expected0]" time="0.001" /><testcase classname="tests.test_sampling" name="test_center30_exact_intervals[29.0-expected1]" time="0.001" /><testcase classname="tests.test_sampling" name="test_center30_exact_intervals[30.0-expected2]" time="0.001" /><testcase classname="tests.test_sampling" name="test_center30_exact_intervals[31.0-expected3]" time="0.001" /><testcase classname="tests.test_sampling" name="test_center30_exact_intervals[60.0-expected4]" time="0.001" /><testcase classname="tests.test_sampling" name="test_center30_exact_intervals[180.0-expected5]" time="0.001" /><testcase classname="tests.test_sampling" name="test_center30_exact_intervals[600.0-expected6]" time="0.001" /><testcase classname="tests.test_sampling" name="test_three20_long_track_exact" time="0.000" /><testcase classname="tests.test_sampling" name="test_three20_180s_exact" time="0.000" /><testcase classname="tests.test_sampling" name="test_three20_60s_exact" time="0.000" /><testcase classname="tests.test_sampling" name="test_three20_31s_shifted_windows" time="0.000" /><testcase classname="tests.test_sampling" name="test_three20_30s_mixed" time="0.001" /><testcase classname="tests.test_sampling" name="test_three20_10s_shorter_than_window_returns_whole_track_once" time="0.000" /><testcase classname="tests.test_sampling" name="test_three20_29s_windows_fit_normally" time="0.000" /><testcase classname="tests.test_sampling" name="test_three30_long_track_exact" time="0.000" /><testcase classname="tests.test_sampling" name="test_three30_180s_exact" time="0.000" /><testcase classname="tests.test_sampling" name="test_three30_60s_exact" time="0.000" /><testcase classname="tests.test_sampling" name="test_three30_31s_shifted" time="0.000" /><testcase classname="tests.test_sampling" name="test_three30_exactly_window_single_segment" time="0.000" /><testcase classname="tests.test_sampling" name="test_five20_600s_exact" time="0.000" /><testcase classname="tests.test_sampling" name="test_five20_180s_exact" time="0.001" /><testcase classname="tests.test_sampling" name="test_five20_60s_exact" time="0.000" /><testcase classname="tests.test_sampling" name="test_five20_30s_even_distribution" time="0.000" /><testcase classname="tests.test_sampling" name="test_five20_10s_whole_track" time="0.000" /><testcase classname="tests.test_sampling" name="test_dense_600s_terminal_window_is_full_length" time="0.001" /><testcase classname="tests.test_sampling" name="test_dense_180s_exact_count_and_coverage" time="0.001" /><testcase classname="tests.test_sampling" name="test_dense_60s_exact" time="0.000" /><testcase classname="tests.test_sampling" name="test_dense_45s_terminal_anchor_dedupes" time="0.000" /><testcase classname="tests.test_sampling" name="test_dense_44_5s_adds_full_terminal_window_not_tiny_one" time="0.000" /><testcase classname="tests.test_sampling" name="test_dense_31s" time="0.000" /><testcase classname="tests.test_sampling" name="test_dense_at_or_below_window_single_window[10.0]" time="0.001" /><testcase classname="tests.test_sampling" name="test_dense_at_or_below_window_single_window[29.0]" time="0.001" /><testcase classname="tests.test_sampling" name="test_dense_at_or_below_window_single_window[30.0]" time="0.001" /><testcase classname="tests.test_sampling" name="test_bounds_invariant_all_strategies[10.0-first30]" time="0.001" /><testcase classname="tests.test_sampling" name="test_bounds_invariant_all_strategies[10.0-center30]" time="0.001" /><testcase classname="tests.test_sampling" name="test_bounds_invariant_all_strategies[10.0-three20]" time="0.001" /><testcase classname="tests.test_sampling" name="test_bounds_invariant_all_strategies[10.0-three30]" time="0.001" /><testcase classname="tests.test_sampling" name="test_bounds_invariant_all_strategies[10.0-five20]" time="0.001" /><testcase classname="tests.test_sampling" name="test_bounds_invariant_all_strategies[10.0-dense30_hop15]" time="0.001" /><testcase classname="tests.test_sampling" name="test_bounds_invariant_all_strategies[29.0-first30]" time="0.001" /><testcase classname="tests.test_sampling" name="test_bounds_invariant_all_strategies[29.0-center30]" time="0.001" /><testcase classname="tests.test_sampling" name="test_bounds_invariant_all_strategies[29.0-three20]" time="0.001" /><testcase classname="tests.test_sampling" name="test_bounds_invariant_all_strategies[29.0-three30]" time="0.001" /><testcase classname="tests.test_sampling" name="test_bounds_invariant_all_strategies[29.0-five20]" time="0.001" /><testcase classname="tests.test_sampling" name="test_bounds_invariant_all_strategies[29.0-dense30_hop15]" time="0.001" /><testcase classname="tests.test_sampling" name="test_bounds_invariant_all_strategies[30.0-first30]" time="0.001" /><testcase classname="tests.test_sampling" name="test_bounds_invariant_all_strategies[30.0-center30]" time="0.001" /><testcase classname="tests.test_sampling" name="test_bounds_invariant_all_strategies[30.0-three20]" time="0.001" /><testcase classname="tests.test_sampling" name="test_bounds_invariant_all_strategies[30.0-three30]" time="0.001" /><testcase classname="tests.test_sampling" name="test_bounds_invariant_all_strategies[30.0-five20]" time="0.001" /><testcase classname="tests.test_sampling" name="test_bounds_invariant_all_strategies[30.0-dense30_hop15]" time="0.001" /><testcase classname="tests.test_sampling" name="test_bounds_invariant_all_strategies[31.0-first30]" time="0.001" /><testcase classname="tests.test_sampling" name="test_bounds_invariant_all_strategies[31.0-center30]" time="0.001" /><testcase classname="tests.test_sampling" name="test_bounds_invariant_all_strategies[31.0-three20]" time="0.001" /><testcase classname="tests.test_sampling" name="test_bounds_invariant_all_strategies[31.0-three30]" time="0.001" /><testcase classname="tests.test_sampling" name="test_bounds_invariant_all_strategies[31.0-five20]" time="0.001" /><testcase classname="tests.test_sampling" name="test_bounds_invariant_all_strategies[31.0-dense30_hop15]" time="0.001" /><testcase classname="tests.test_sampling" name="test_bounds_invariant_all_strategies[60.0-first30]" time="0.001" /><testcase classname="tests.test_sampling" name="test_bounds_invariant_all_strategies[60.0-center30]" time="0.001" /><testcase classname="tests.test_sampling" name="test_bounds_invariant_all_strategies[60.0-three20]" time="0.001" /><testcase classname="tests.test_sampling" name="test_bounds_invariant_all_strategies[60.0-three30]" time="0.001" /><testcase classname="tests.test_sampling" name="test_bounds_invariant_all_strategies[60.0-five20]" time="0.001" /><testcase classname="tests.test_sampling" name="test_bounds_invariant_all_strategies[60.0-dense30_hop15]" time="0.001" /><testcase classname="tests.test_sampling" name="test_bounds_invariant_all_strategies[180.0-first30]" time="0.001" /><testcase classname="tests.test_sampling" name="test_bounds_invariant_all_strategies[180.0-center30]" time="0.001" /><testcase classname="tests.test_sampling" name="test_bounds_invariant_all_strategies[180.0-three20]" time="0.001" /><testcase classname="tests.test_sampling" name="test_bounds_invariant_all_strategies[180.0-three30]" time="0.001" /><testcase classname="tests.test_sampling" name="test_bounds_invariant_all_strategies[180.0-five20]" time="0.001" /><testcase classname="tests.test_sampling" name="test_bounds_invariant_all_strategies[180.0-dense30_hop15]" time="0.001" /><testcase classname="tests.test_sampling" name="test_bounds_invariant_all_strategies[600.0-first30]" time="0.001" /><testcase classname="tests.test_sampling" name="test_bounds_invariant_all_strategies[600.0-center30]" time="0.001" /><testcase classname="tests.test_sampling" name="test_bounds_invariant_all_strategies[600.0-three20]" time="0.001" /><testcase classname="tests.test_sampling" name="test_bounds_invariant_all_strategies[600.0-three30]" time="0.001" /><testcase classname="tests.test_sampling" name="test_bounds_invariant_all_strategies[600.0-five20]" time="0.001" /><testcase classname="tests.test_sampling" name="test_bounds_invariant_all_strategies[600.0-dense30_hop15]" time="0.001" /><testcase classname="tests.test_sampling" name="test_determinism_and_stable_identity[first30]" time="0.001" /><testcase classname="tests.test_sampling" name="test_determinism_and_stable_identity[center30]" time="0.001" /><testcase classname="tests.test_sampling" name="test_determinism_and_stable_identity[three20]" time="0.001" /><testcase classname="tests.test_sampling" name="test_determinism_and_stable_identity[three30]" time="0.001" /><testcase classname="tests.test_sampling" name="test_determinism_and_stable_identity[five20]" time="0.001" /><testcase classname="tests.test_sampling" name="test_determinism_and_stable_identity[dense30_hop15]" time="0.001" /><testcase classname="tests.test_sampling" name="test_strategy_version_identity_is_explicit" time="0.000" /><testcase classname="tests.test_sampling" name="test_provenance_fields_present" time="0.000" /><testcase classname="tests.test_sampling" name="test_synthetic_hash_fallback_when_no_source_hash" time="0.001" /><testcase classname="tests.test_sampling" name="test_invalid_duration_raises_typed_failure[0.0]" time="0.000" /><testcase classname="tests.test_sampling" name="test_invalid_duration_raises_typed_failure[-5.0]" time="0.001" /><testcase classname="tests.test_sampling" name="test_invalid_duration_raises_typed_failure[nan]" time="0.000" /><testcase classname="tests.test_sampling" name="test_invalid_duration_raises_typed_failure[inf]" time="0.001" /><testcase classname="tests.test_sampling" name="test_invalid_duration_raises_typed_failure[None]" time="0.001" /><testcase classname="tests.test_sampling" name="test_invalid_duration_raises_typed_failure[60]" time="0.001" /><testcase classname="tests.test_sampling" name="test_fractional_duration_supported" time="0.001" /><testcase classname="tests.test_sampling" name="test_unknown_strategy_rejected" time="0.000" /><testcase classname="tests.test_sampling" name="test_requested_version_mismatch_rejected" time="0.000" /><testcase classname="tests.test_signal_views" name="test_deterministic_byte_identical_render[render_waveform_v1]" time="0.005" /><testcase classname="tests.test_signal_views" name="test_deterministic_byte_identical_render[render_linear_stft_v1]" time="0.010" /><testcase classname="tests.test_signal_views" name="test_deterministic_byte_identical_render[render_log_mel_v1]" time="0.011" /><testcase classname="tests.test_signal_views" name="test_fixed_image_dimensions[render_waveform_v1]" time="0.005" /><testcase classname="tests.test_signal_views" name="test_fixed_image_dimensions[render_linear_stft_v1]" time="0.007" /><testcase classname="tests.test_signal_views" name="test_fixed_image_dimensions[render_log_mel_v1]" time="0.009" /><testcase classname="tests.test_signal_views" name="test_finite_intermediate_values" time="0.004" /><testcase classname="tests.test_signal_views" name="test_short_audio_below_n_fft" time="0.008" /><testcase classname="tests.test_signal_views" name="test_silent_audio_produces_valid_finite_image" time="0.009" /><testcase classname="tests.test_signal_views" name="test_silent_and_tone_images_differ" time="0.015" /><testcase classname="tests.test_signal_views" name="test_stereo_reduces_to_channel_mean_mono" time="0.006" /><testcase classname="tests.test_signal_views" name="test_sample_rate_canonicalized_to_24k" time="0.004" /><testcase classname="tests.test_signal_views" name="test_canonicalize_passthrough_at_target_rate" time="0.001" /><testcase classname="tests.test_signal_views" name="test_440hz_tone_peaks_in_low_rows_of_linear_stft" time="0.007" /><testcase classname="tests.test_signal_views" name="test_4000hz_tone_peaks_above_440hz" time="0.010" /><testcase classname="tests.test_signal_views" name="test_mel_filterbank_shape_and_normalization" time="0.002" /><testcase classname="tests.test_signal_views" name="test_provenance_records_required_fields[render_waveform_v1]" time="0.005" /><testcase classname="tests.test_signal_views" name="test_provenance_records_required_fields[render_linear_stft_v1]" time="0.007" /><testcase classname="tests.test_signal_views" name="test_provenance_records_required_fields[render_log_mel_v1]" time="0.008" /><testcase classname="tests.test_signal_views" name="test_config_change_changes_provenance" time="0.014" /><testcase classname="tests.test_signal_views" name="test_no_metadata_leakage_in_provenance_or_api" time="0.006" /><testcase classname="tests.test_signal_views" name="test_png_writer_roundtrip_dimensions" time="0.001" /><testcase classname="tests.test_signal_views" name="test_invalid_waveform_rejected" time="0.001" /><testcase classname="tests.test_similarity" name="test_dot_of_unit_vectors_equals_cosine" time="0.001" /><testcase classname="tests.test_similarity" name="test_identical_vectors_score_one" time="0.000" /><testcase classname="tests.test_similarity" name="test_opposite_vectors_score_minus_one" time="0.001" /><testcase classname="tests.test_similarity" name="test_matrix_scores_match_pairwise_dots" time="0.001" /><testcase classname="tests.test_stage2_residuals" name="test_canonicalization_preserves_agreeing_and_flags_conflicting_logs" time="0.006" /><testcase classname="tests.test_stage2_residuals" name="test_center5_v1_alias_uses_exact_stage1_bounds" time="0.001" /><testcase classname="tests.test_stage2_residuals" name="test_input_hash_validation_accepts_exact_and_rejects_mutation" time="0.003" /><testcase classname="tests.test_stage2_residuals" name="test_cache_identity_is_deterministic_and_versioned" time="0.001" /><testcase classname="tests.test_stage2_residuals" name="test_extract_is_finite_complete_and_resumable_with_fake_merit" time="0.330" /><testcase classname="tests.test_stage2_residuals" name="test_pair_residuals_emit_every_predeclared_component" time="0.002" /><testcase classname="tests.test_stage2_screen" name="test_query_macro_accuracy_and_exact_score_tie_half_credit" time="0.005" /><testcase classname="tests.test_stage2_screen" name="test_rescue_conflict_and_net_rescue_math" time="0.001" /><testcase classname="tests.test_stage2_screen" name="test_query_cluster_bootstrap_is_deterministic" time="0.002" /><testcase classname="tests.test_stage2_screen" name="test_margin_orientation_survives_ab_randomization" time="0.007" /><testcase classname="tests.test_stage2_screen" name="test_exact_promising_gate_boundary" time="0.001" /><testcase classname="tests.test_stage2_screen" name="test_exact_no_signal_and_inconclusive_boundaries" time="0.001" /><testcase classname="tests.test_stage2_screen" name="test_slices_keep_ab_primary_and_tie_neither_anchor_diagnostics_network_free" time="0.019" /><testcase classname="tests.test_stage2_screen" name="test_end_to_end_fixture_writes_deterministic_artifacts_without_network" time="0.020" /><testcase classname="tests.test_stage2b_contract" name="test_frozen_contract_and_real_input_hashes_validate" time="2.775" /><testcase classname="tests.test_stage2b_contract" name="test_contract_rejects_revision_or_model_protocol_drift" time="0.010" /><testcase classname="tests.test_stage2b_contract" name="test_hash_validation_fails_closed" time="0.011" /><testcase classname="tests.test_stage2b_contract" name="test_artist_normalization_is_unicode_casefolded_and_whitespace_collapsed" time="0.001" /><testcase classname="tests.test_stage2b_contract" name="test_real_split_is_deterministic_exact_and_artist_grouped" time="0.005" /><testcase classname="tests.test_stage2b_contract" name="test_split_rejects_cross_split_artist_overlap" time="0.002" /><testcase classname="tests.test_stage2b_dataset" name="test_delta_is_exactly_antisymmetric_and_rejects_wrong_shape" time="0.001" /><testcase classname="tests.test_stage2b_dataset" name="test_real_fusion_dataset_is_deterministic_complete_and_provenanced" time="5.125" /><testcase classname="tests.test_stage2b_eval_server" name="test_index_ping_session_and_payload_blinding" time="0.780" /><testcase classname="tests.test_stage2b_eval_server" name="test_empty_rater_and_unknown_audio_errors" time="0.731" /><testcase classname="tests.test_stage2b_eval_server" name="test_exact_pcm_headers_range_and_invalid_range" time="0.737" /><testcase classname="tests.test_stage2b_eval_server" name="test_rating_autosave_resume_and_exports" time="0.714" /><testcase classname="tests.test_stage2b_eval_server" name="test_import_route_and_old_stage1_routes_absent" time="0.694" /><testcase classname="tests.test_stage2b_ratings" name="test_single_reviewer_latest_self_correction_is_canonical" time="0.006" /><testcase classname="tests.test_stage2b_ratings" name="test_missing_coverage_and_multiple_reviewers_fail_closed" time="0.007" /><testcase classname="tests.test_stage2b_ratings" name="test_invalid_supersession_and_choice_fail_closed" time="0.005" /><testcase classname="tests.test_stage2b_ratings" name="test_real_amended_protocol_freezes_complete_labels_and_preserves_original_bundle" time="1.287" /><testcase classname="tests.test_stage2b_selection" name="test_zero_margin_gets_half_credit_and_query_macro_weights_queries_equally" time="0.001" /><testcase classname="tests.test_stage2b_selection" name="test_selection_rejects_test_labels" time="0.005" /><testcase classname="tests.test_stage2b_selection" name="test_test_feature_and_label_columns_have_zero_selection_influence" time="0.058" /><testcase classname="tests.test_stage2b_selection" name="test_frozen_real_selection_is_train_scaled_no_intercept_and_exact_ablations" time="0.021" /><testcase classname="tests.test_stage2b_store" name="test_real_collection_bundle_hashes_validate_before_ratings" time="0.003" /><testcase classname="tests.test_stage2b_store" name="test_rater_normalization_and_nonempty_requirement" time="0.168" /><testcase classname="tests.test_stage2b_store" name="test_session_is_blinded_role_based_and_current_reviewer_safe" time="0.171" /><testcase classname="tests.test_stage2b_store" name="test_train_validation_exact_agreement_closes_after_two" time="0.184" /><testcase classname="tests.test_stage2b_store" name="test_train_validation_disagreement_requires_exactly_third" time="0.243" /><testcase classname="tests.test_stage2b_store" name="test_test_always_requires_three_distinct_raters" time="0.221" /><testcase classname="tests.test_stage2b_store" name="test_self_correction_is_append_only_not_an_independent_rater" time="0.218" /><testcase classname="tests.test_stage2b_store" name="test_split_safe_exports_are_blinded_and_atomic" time="0.213" /><testcase classname="tests.test_stage2b_store" name="test_import_preserves_tie_neither_and_audio_exact_bytes" time="0.220" /><testcase classname="tests.test_stage2b_test" name="test_paired_query_bootstrap_is_deterministic_and_paired" time="0.009" /><testcase classname="tests.test_stage2b_test" name="test_all_four_predeclared_verdict_paths" time="0.001" /><testcase classname="tests.test_stage2b_test" name="test_refuses_existing_final_output" time="0.003" /><testcase classname="tests.test_stage2b_test" name="test_real_selection_checkpoint_is_tracked_clean_committed_pushed_and_hash_locked" time="0.065" /><testcase classname="tests.test_stage2b_test" name="test_existing_one_time_reveal_hashes_verify_without_rerun" time="0.064" /><testcase classname="tests.test_stage2b_trials" name="test_identity_duplicate_rules_and_distinct_retention" time="0.001" /><testcase classname="tests.test_stage2b_trials" name="test_duplicate_policy_api_cannot_receive_encoder_scores" time="0.001" /><testcase classname="tests.test_stage2b_trials" name="test_exact_center5_pcm_bounds_bytes_and_hash" time="0.071" /><testcase classname="tests.test_stage2b_trials" name="test_exact_retrieval_is_l2_cosine_then_track_id_tiebroken" time="0.001" /><testcase classname="tests.test_stage2b_trials" name="test_strict_disagreement_ranking_and_orientation_are_deterministic" time="0.001" /><testcase classname="tests.test_stage2b_trials" name="test_frozen_real_trials_are_balanced_strict_unique_and_blinded" time="0.007" /><testcase classname="tests.test_stage4_cache" name="test_analysis_key_isolation" time="0.001" /><testcase classname="tests.test_stage4_cache" name="test_atomic_segment_resume_partial_not_complete" time="0.041" /><testcase classname="tests.test_stage4_cache" name="test_duplicate_segment_rejected" time="0.019" /><testcase classname="tests.test_stage4_cache" name="test_embedding_norm_dimension_and_hash" time="0.023" /><testcase classname="tests.test_stage4_cache" name="test_aggregate_exact_regeneration_from_raw_cache" time="0.045" /><testcase classname="tests.test_stage4_corpus" name="test_musdb_count_license_and_hash" time="0.004" /><testcase classname="tests.test_stage4_corpus" name="test_safe_archive_paths" time="0.002" /><testcase classname="tests.test_stage4_corpus" name="test_medley_requires_assets_metadata_license_and_official_tracklists" time="0.055" /><testcase classname="tests.test_stage4_corpus" name="test_normalized_manifest_rejects_duplicate_ids" time="0.018" /><testcase classname="tests.test_stage4_queries" name="test_largest_remainder_exact_target" time="0.001" /><testcase classname="tests.test_stage4_queries" name="test_query_freeze_is_reproducible_source_balanced_and_pre_score" time="0.409" /><testcase classname="tests.test_stage4_sampling" name="test_exact_five_windows[5-expected0]" time="0.001" /><testcase classname="tests.test_stage4_sampling" name="test_exact_five_windows[30-expected1]" time="0.001" /><testcase classname="tests.test_stage4_sampling" name="test_exact_five_windows[60-expected2]" time="0.001" /><testcase classname="tests.test_stage4_sampling" name="test_exact_five_windows[180-expected3]" time="0.001" /><testcase classname="tests.test_stage4_sampling" name="test_exact_five_windows[600-expected4]" time="0.001" /><testcase classname="tests.test_stage4_sampling" name="test_fractional_rounding_and_boundaries" time="0.000" /><testcase classname="tests.test_stage4_sampling" name="test_short_audio_is_ineligible" time="0.001" /><testcase classname="tests.test_stage4_sampling" name="test_full_decode_downmix_resample_never_truncates_or_pads" time="0.015" /><testcase classname="tests.test_stage4_sampling" name="test_window_bytes_and_pcm_hash_are_deterministic" time="0.005" /><testcase classname="tests.test_stage4_scoring" name="test_uniform_normalizes_segments_before_mean_and_output" time="0.001" /><testcase classname="tests.test_stage4_scoring" name="test_equal_recurrence_is_exact_uniform_and_bounds_hold" time="0.001" /><testcase classname="tests.test_stage4_scoring" name="test_recurrence_is_permutation_equivariant_and_bounded" time="0.001" /><testcase classname="tests.test_stage4_scoring" name="test_exact_symmetric_top2_formula" time="0.001" /><testcase classname="tests.test_stage4_scoring" name="test_late_only_reranks_uniform_top100_boundary" time="0.020" /><testcase classname="tests.test_stage4_scoring" name="test_retrieval_and_ties_use_stable_track_id" time="0.001" /><testcase classname="tests.test_stage4_scoring" name="test_trial_generation_is_opaque_deterministic_and_strict" time="0.001" /><testcase classname="tests.test_stage4_scoring" name="test_bootstrap_is_query_level_and_fixed_seed" time="0.004" /><testcase classname="tests.test_stage4_scoring" name="test_all_final_verdict_paths[args0-UNIFORM_MEAN_WINS]" time="0.001" /><testcase classname="tests.test_stage4_scoring" name="test_all_final_verdict_paths[args1-INSUFFICIENT_EVIDENCE_PICK_SIMPLER]" time="0.001" /><testcase classname="tests.test_stage4_scoring" name="test_all_final_verdict_paths[args2-RECURRENCE_WEIGHTING_WINS]" time="0.001" /><testcase classname="tests.test_stage4_scoring" name="test_all_final_verdict_paths[args3-LATE_INTERACTION_WINS]" time="0.001" /><testcase classname="tests.test_stage4_scoring" name="test_all_final_verdict_paths[args4-RECURRENCE_WEIGHTING_WINS]" time="0.001" /><testcase classname="tests.test_stage4_scoring" name="test_all_final_verdict_paths[args5-LATE_INTERACTION_WINS]" time="0.001" /><testcase classname="tests.test_stage4_scoring" name="test_protocol_failure_always_selects_simple_insufficiency" time="0.000" /><testcase classname="tests.test_stage4a_cache" name="test_vector_bytes_normalizes_hashes_and_rejects_wrong_dimension" time="0.001" /><testcase classname="tests.test_stage4a_cache" name="test_sqlite_cache_is_segment_granular_version_isolated_and_resumable" time="0.129" /><testcase classname="tests.test_stage4a_dual" name="test_frozen_weights_derive_from_stage2b_and_history_remains_closed" time="0.007" /><testcase classname="tests.test_stage4a_dual" name="test_exact_three_dual_schedules_share_source_intervals" time="0.006" /><testcase classname="tests.test_stage4a_dual" name="test_pooling_is_independent_and_fusion_is_weighted_cosines" time="0.001" /><testcase classname="tests.test_stage4a_dual" name="test_clap_only_bundle_preserved_with_historical_only_ratings" time="0.001" /><testcase classname="tests.test_stage4a_dual_metrics" name="test_dual_metrics_never_include_superseded_denominator" time="0.015" /><testcase classname="tests.test_stage4a_dual_metrics" name="test_dual_higher_k_path" time="0.014" /><testcase classname="tests.test_stage4a_dual_metrics" name="test_validation_surfaces_missing_trials_and_preserves_supersession" time="0.014" /><testcase classname="tests.test_stage4a_dual_metrics" name="test_validation_surfaces_invalid_response" time="0.011" /><testcase classname="tests.test_stage4a_dual_metrics" name="test_frozen_stage4a_closeout_recomputes_exactly" time="0.109" /><testcase classname="tests.test_stage4a_fma" name="test_exact_windows_and_union" time="0.001" /><testcase classname="tests.test_stage4a_fma" name="test_boundary_and_quarantine" time="0.000" /><testcase classname="tests.test_stage4a_fma" name="test_aggregates_only_three_methods" time="0.001" /><testcase classname="tests.test_stage4a_fma" name="test_trials_deterministic_opaque" time="0.000" /><testcase classname="tests.test_stage4a_fma" name="test_verdicts" time="0.000" /><testcase classname="tests.test_stage4a_metrics" name="test_tie_half_neither_excluded_and_incomplete_is_protocol_failure" time="0.014" /><testcase classname="tests.test_stage4a_metrics" name="test_higher_method_wins_all_three_pairs" time="0.013" /><testcase classname="tests.test_stage4a_provenance" name="test_stage4a_uses_reproducibly_validated_stage2b_artifact_identity" time="3.187" /><testcase classname="tests.test_stage4a_provenance" name="test_original_encoder_cli_proves_artifact_checkpoint_path" time="0.001" /><testcase classname="tests.test_stage4a_provenance" name="test_historical_stage2b_yaml_is_unchanged_and_erratum_is_explicit" time="0.001" /><testcase classname="tests.test_stage4a_store" name="test_session_is_blinded_and_reviewer_locked" time="0.010" /><testcase classname="tests.test_stage4a_store" name="test_append_only_self_correction_and_resume" time="0.018" /><testcase classname="tests.test_stage4a_store" name="test_tie_and_neither_are_not_coerced" time="0.013" /><testcase classname="tests.test_stage5a_cache" name="test_segment_cache_is_resumable_and_identity_isolated" time="0.073" /><testcase classname="tests.test_stage5a_cache" name="test_cache_rejects_invalid_vectors_and_persists_encoders_independently" time="0.066" /><testcase classname="tests.test_stage5a_cache" name="test_cache_rejects_incompatible_schema_version" time="0.075" /><testcase classname="tests.test_stage5a_contract" name="test_loads_authoritative_audio_representation_v1" time="0.001" /><testcase classname="tests.test_stage5a_contract" name="test_rejects_non_frozen_temporal_sampling[selected_k-1]" time="0.003" /><testcase classname="tests.test_stage5a_contract" name="test_rejects_non_frozen_temporal_sampling[segment_centers_seconds-value1]" time="0.002" /><testcase classname="tests.test_stage5a_contract" name="test_analysis_identity_changes_with_every_bound_identity" time="0.001" /><testcase classname="tests.test_stage5a_manifest" name="test_fma_large_manifest_accounts_for_missing_invalid_and_discovered" time="0.106" /><testcase classname="tests.test_stage5a_manifest" name="test_fma_large_manifest_logical_hash_is_deterministic" time="0.056" /><testcase classname="tests.test_stage5a_manifest" name="test_smoke_selection_is_hash_deterministic_and_bounded" time="0.005" /><testcase classname="tests.test_stage5a_materialize" name="test_resume_then_idempotent_rerun_uses_no_unnecessary_inference" time="0.184" /><testcase classname="tests.test_stage5a_materialize" name="test_failure_isolation_explicit_failure_and_retry" time="0.273" /><testcase classname="tests.test_stage5a_materialize" name="test_duplicate_input_is_rejected_before_work" time="0.073" /><testcase classname="tests.test_stage5a_parity" name="test_independent_clap_and_muq_fma_small_parity" time="0.075" /><testcase classname="tests.test_stage5b1a2_config" name="test_config_reuses_exact_manifest_query_gate_and_separate_paths" time="0.002" /><testcase classname="tests.test_stage5b1a2_config" name="test_config_freezes_metadata_only_top_five_and_pacing" time="0.001" /><testcase classname="tests.test_stage5b1a2_config" name="test_query_builder_is_identical_to_firecrawl_semantics" time="0.001" /><testcase classname="tests.test_stage5b1a2_config" name="test_config_rejects_gate_or_media_safeguard_changes" time="0.003" /><testcase classname="tests.test_stage5b1a2_config" name="test_verify_is_network_free_and_reports_frozen_contract" time="0.001" /><testcase classname="tests.test_stage5b1a2_experiment" name="test_experiment_is_sequential_paced_failure_isolated_and_download_free" time="0.002" /><testcase classname="tests.test_stage5b1a2_experiment" name="test_review_contains_rich_candidate_metadata_and_no_automatic_labels" time="0.005" /><testcase classname="tests.test_stage5b1a2_experiment" name="test_metrics_reuse_same_recall_denominator_and_gate_keys" time="0.001" /><testcase classname="tests.test_stage5b1a2_experiment" name="test_provider_comparison_is_coverage_only_until_both_metrics_exist" time="0.007" /><testcase classname="tests.test_stage5b1a2_experiment" name="test_provider_comparison_supports_recall_only_after_complete_labels" time="0.005" /><testcase classname="tests.test_stage5b1a2_review_server" name="test_session_exposes_frozen_cases_and_only_review_safe_candidate_metadata" time="0.010" /><testcase classname="tests.test_stage5b1a2_review_server" name="test_submit_atomically_persists_only_label_and_note" time="0.009" /><testcase classname="tests.test_stage5b1a2_review_server" name="test_submit_rejects_non_ui_labels[]" time="0.006" /><testcase classname="tests.test_stage5b1a2_review_server" name="test_submit_rejects_non_ui_labels[6]" time="0.006" /><testcase classname="tests.test_stage5b1a2_review_server" name="test_submit_rejects_non_ui_labels[CORRECT]" time="0.006" /><testcase classname="tests.test_stage5b1a2_review_server" name="test_submit_rejects_non_ui_labels[NOT_IN_TOP_K]" time="0.006" /><testcase classname="tests.test_stage5b1a2_review_server" name="test_submit_rejects_unknown_track_and_long_note" time="0.006" /><testcase classname="tests.test_stage5b1a2_review_server" name="test_http_site_ping_session_save_and_export" time="0.520" /><testcase classname="tests.test_stage5b1a2_review_server" name="test_http_errors_are_bounded_and_json" time="0.510" /><testcase classname="tests.test_stage5b1a2_ytdlp" name="test_normalization_preserves_rich_metadata_and_filters_non_video_entries" time="0.001" /><testcase classname="tests.test_stage5b1a2_ytdlp" name="test_video_id_mismatch_and_non_youtube_extractor_are_rejected" time="0.000" /><testcase classname="tests.test_stage5b1a2_ytdlp" name="test_deduplication_preserves_first_order_and_limits_top_five" time="0.001" /><testcase classname="tests.test_stage5b1a2_ytdlp" name="test_empty_and_invalid_result_shapes" time="0.001" /><testcase classname="tests.test_stage5b1a2_ytdlp" name="test_python_backend_invokes_metadata_only_extract_without_download" time="0.001" /><testcase classname="tests.test_stage5b1a2_ytdlp" name="test_adapter_constructs_ytsearch_query_retries_with_bounded_backoff" time="0.001" /><testcase classname="tests.test_stage5b1a2_ytdlp" name="test_adapter_records_final_extraction_error_after_bounded_attempts" time="0.001" /><testcase classname="tests.test_stage5b1a_cli" name="test_verify_inputs_is_network_free_and_reports_frozen_gate" time="0.003" /><testcase classname="tests.test_stage5b1a_cli" name="test_transport_selection_uses_keyless_when_credential_is_absent" time="0.001" /><testcase classname="tests.test_stage5b1a_cli" name="test_transport_selection_prefers_environment_credential" time="0.001" /><testcase classname="tests.test_stage5b1a_cli" name="test_real_run_preflight_protects_existing_results_and_human_labels" time="0.003" /><testcase classname="tests.test_stage5b1a_cli" name="test_result_loader_binds_manifest_config_order_and_unique_candidates" time="0.004" /><testcase classname="tests.test_stage5b1a_discovery" name="test_config_freezes_provider_query_candidate_limit_and_gate" time="0.001" /><testcase classname="tests.test_stage5b1a_discovery" name="test_query_construction_removes_only_featured_artist_noise" time="0.001" /><testcase classname="tests.test_stage5b1a_discovery" name="test_youtube_video_id_parsing[https://www.youtube.com/watch?v=dQw4w9WgXcQ-dQw4w9WgXcQ]" time="0.001" /><testcase classname="tests.test_stage5b1a_discovery" name="test_youtube_video_id_parsing[https://m.youtube.com/watch?v=dQw4w9WgXcQ&amp;t=12-dQw4w9WgXcQ]" time="0.001" /><testcase classname="tests.test_stage5b1a_discovery" name="test_youtube_video_id_parsing[https://youtu.be/dQw4w9WgXcQ?si=value-dQw4w9WgXcQ]" time="0.001" /><testcase classname="tests.test_stage5b1a_discovery" name="test_youtube_video_id_parsing[youtube.com/shorts/dQw4w9WgXcQ-dQw4w9WgXcQ]" time="0.001" /><testcase classname="tests.test_stage5b1a_discovery" name="test_youtube_video_id_parsing[https://www.youtube.com/embed/dQw4w9WgXcQ-dQw4w9WgXcQ]" time="0.001" /><testcase classname="tests.test_stage5b1a_discovery" name="test_youtube_video_id_parsing[https://www.youtube.com/live/dQw4w9WgXcQ-dQw4w9WgXcQ]" time="0.001" /><testcase classname="tests.test_stage5b1a_discovery" name="test_youtube_video_id_parsing[https://www.youtube-nocookie.com/embed/dQw4w9WgXcQ-dQw4w9WgXcQ]" time="0.001" /><testcase classname="tests.test_stage5b1a_discovery" name="test_youtube_video_id_parsing[https://youtube.com/channel/not-a-video-None]" time="0.001" /><testcase classname="tests.test_stage5b1a_discovery" name="test_youtube_video_id_parsing[https://youtube.com/watch?v=too-short-None]" time="0.001" /><testcase classname="tests.test_stage5b1a_discovery" name="test_youtube_video_id_parsing[https://youtube.com.evil.example/watch?v=dQw4w9WgXcQ-None]" time="0.001" /><testcase classname="tests.test_stage5b1a_discovery" name="test_youtube_video_id_parsing[https://example.com/watch?v=dQw4w9WgXcQ-None]" time="0.001" /><testcase classname="tests.test_stage5b1a_discovery" name="test_youtube_video_id_parsing[None-None]" time="0.001" /><testcase classname="tests.test_stage5b1a_discovery" name="test_normalization_deduplicates_by_video_id_and_preserves_best_rank" time="0.001" /><testcase classname="tests.test_stage5b1a_discovery" name="test_adapter_orders_results_handles_empty_and_preserves_request_provenance" time="0.001" /><testcase classname="tests.test_stage5b1a_discovery" name="test_adapter_rejects_firecrawl_failure_and_invalid_result_shape" time="0.001" /><testcase classname="tests.test_stage5b1a_discovery" name="test_http_transport_retries_temporary_network_error_without_real_sleep" time="0.001" /><testcase classname="tests.test_stage5b1a_discovery" name="test_http_transport_does_not_retry_permanent_http_error_or_leak_key" time="0.001" /><testcase classname="tests.test_stage5b1a_discovery" name="test_keyless_transport_omits_authorization_header" time="0.001" /><testcase classname="tests.test_stage5b1a_discovery" name="test_transport_rejects_non_string_credential" time="0.001" /><testcase classname="tests.test_stage5b1a_experiment" name="test_experiment_is_sequential_failure_isolated_and_auditable" time="0.002" /><testcase classname="tests.test_stage5b1a_experiment" name="test_discovery_result_write_is_atomic_and_refuses_silent_overwrite" time="0.005" /><testcase classname="tests.test_stage5b1a_models" name="test_track_input_round_trip_is_provider_independent" time="0.000" /><testcase classname="tests.test_stage5b1a_models" name="test_track_input_validation[changes0-stable_track_id]" time="0.001" /><testcase classname="tests.test_stage5b1a_models" name="test_track_input_validation[changes1-title]" time="0.001" /><testcase classname="tests.test_stage5b1a_models" name="test_track_input_validation[changes2-artists]" time="0.001" /><testcase classname="tests.test_stage5b1a_models" name="test_track_input_validation[changes3-duplicates]" time="0.001" /><testcase classname="tests.test_stage5b1a_models" name="test_track_input_validation[changes4-spotify_track_id]" time="0.001" /><testcase classname="tests.test_stage5b1a_models" name="test_track_input_validation[changes5-duration_ms]" time="0.001" /><testcase classname="tests.test_stage5b1a_models" name="test_track_input_validation[changes6-release_year]" time="0.001" /><testcase classname="tests.test_stage5b1a_models" name="test_track_input_validation[changes7-isrc]" time="0.001" /><testcase classname="tests.test_stage5b1a_models" name="test_frozen_manifest_is_hash_locked_sorted_and_representative" time="0.001" /><testcase classname="tests.test_stage5b1a_models" name="test_frozen_manifest_hash_mismatch_fails_before_loading" time="0.000" /><testcase classname="tests.test_stage5b1a_review" name="test_review_template_contains_all_tracks_candidate_slots_and_label_fields" time="0.004" /><testcase classname="tests.test_stage5b1a_review" name="test_review_rows_place_ordered_candidates_without_automatic_labels" time="0.002" /><testcase classname="tests.test_stage5b1a_review" name="test_review_label_parser_normalizes_alias_and_rejects_invalid_rank" time="0.004" /><testcase classname="tests.test_stage5b1a_review" name="test_recall_at_1_3_5_uncertain_denominator_and_operational_counts" time="0.001" /><testcase classname="tests.test_stage5b1a_review" name="test_unreviewed_tracks_hold_verdict_pending_without_entering_denominator" time="0.001" /><testcase classname="tests.test_stage5b1a_review" name="test_frozen_gate_classification[1.0-PASS]" time="0.001" /><testcase classname="tests.test_stage5b1a_review" name="test_frozen_gate_classification[0.9-PASS]" time="0.001" /><testcase classname="tests.test_stage5b1a_review" name="test_frozen_gate_classification[0.899-CONDITIONAL]" time="0.001" /><testcase classname="tests.test_stage5b1a_review" name="test_frozen_gate_classification[0.8-CONDITIONAL]" time="0.001" /><testcase classname="tests.test_stage5b1a_review" name="test_frozen_gate_classification[0.799-FAIL]" time="0.001" /><testcase classname="tests.test_stage5b1a_review" name="test_frozen_gate_classification[0.0-FAIL]" time="0.001" /><testcase classname="tests.test_stage5b1b_artifacts" name="test_feature_dataset_keeps_encoders_independent_and_views_weak" time="0.003" /><testcase classname="tests.test_stage5b1b_artifacts" name="test_review_is_one_row_per_candidate_and_labels_start_blank" time="0.003" /><testcase classname="tests.test_stage5b1b_artifacts" name="test_review_accepts_each_candidate_label[IDEAL]" time="0.003" /><testcase classname="tests.test_stage5b1b_artifacts" name="test_review_accepts_each_candidate_label[ACCEPTABLE]" time="0.003" /><testcase classname="tests.test_stage5b1b_artifacts" name="test_review_accepts_each_candidate_label[WRONG]" time="0.004" /><testcase classname="tests.test_stage5b1b_artifacts" name="test_review_accepts_each_candidate_label[UNCERTAIN]" time="0.003" /><testcase classname="tests.test_stage5b1b_artifacts" name="test_review_rejects_unknown_label" time="0.003" /><testcase classname="tests.test_stage5b1b_artifacts" name="test_dev_diagnostics_preserve_notes_verbatim" time="0.001" /><testcase classname="tests.test_stage5b1b_calibration" name="test_calibration_selects_only_safety_clean_conservative_candidate" time="0.285" /><testcase classname="tests.test_stage5b1b_calibration" name="test_targeted_audit_denominators_and_sol_human_agreement_are_explicit" time="0.072" /><testcase classname="tests.test_stage5b1b_calibration" name="test_policy_variant_metrics_preserve_human_unknown_and_uncertain_separately" time="0.078" /><testcase classname="tests.test_stage5b1b_calibration" name="test_canonical_and_lyric_patterns_use_targeted_human_denominators" time="0.074" /><testcase classname="tests.test_stage5b1b_calibration" name="test_policy_freeze_is_deterministic_hashable_and_not_activated" time="0.143" /><testcase classname="tests.test_stage5b1b_calibration" name="test_three_way_artifact_distinguishes_unaudited_from_safe" time="0.077" /><testcase classname="tests.test_stage5b1b_calibration" name="test_committed_sol_run_is_complete_isolated_and_failure_free" time="0.006" /><testcase classname="tests.test_stage5b1b_calibration_sol" name="test_committed_calibration_config_hash_locks_blind_inputs_and_model" time="0.005" /><testcase classname="tests.test_stage5b1b_calibration_sol" name="test_blinded_payload_is_complete_deterministic_shuffled_and_feature_free" time="0.024" /><testcase classname="tests.test_stage5b1b_calibration_sol" name="test_private_mapping_is_written_separately_from_blinded_payload" time="0.015" /><testcase classname="tests.test_stage5b1b_calibration_sol" name="test_sol_response_validation_accepts_full_opaque_candidate_coverage" time="0.008" /><testcase classname="tests.test_stage5b1b_calibration_sol" name="test_sol_response_validation_rejects_candidate_coverage_change" time="0.008" /><testcase classname="tests.test_stage5b1b_calibration_sol" name="test_sol_response_validation_rejects_wrong_selected_candidate" time="0.008" /><testcase classname="tests.test_stage5b1b_challenge" name="test_frozen_manifest_is_hash_locked_and_disjoint_from_both_prior_sets" time="0.007" /><testcase classname="tests.test_stage5b1b_challenge" name="test_frozen_policy_bundle_is_exactly_the_part_b_implementation" time="0.003" /><testcase classname="tests.test_stage5b1b_challenge" name="test_policy_hash_tampering_fails_closed" time="0.005" /><testcase classname="tests.test_stage5b1b_challenge" name="test_unchanged_features_and_dual_policy_create_balanced_incremental_coverage" time="0.040" /><testcase classname="tests.test_stage5b1b_challenge" name="test_blinded_sol_payload_is_shuffled_opaque_and_feature_free" time="0.010" /><testcase classname="tests.test_stage5b1b_challenge" name="test_sol_contract_rejects_post_freeze_feature_change" time="0.045" /><testcase classname="tests.test_stage5b1b_challenge" name="test_saved_sol_track_coverage_fails_closed" time="0.054" /><testcase classname="tests.test_stage5b1b_challenge" name="test_audit_queue_is_deterministic_and_review_is_blinded" time="0.047" /><testcase classname="tests.test_stage5b1b_challenge" name="test_final_state_waits_for_labels_then_applies_safety_priority" time="0.046" /><testcase classname="tests.test_stage5b1b_challenge" name="test_committed_fresh_challenge_is_complete_blinded_and_human_validated" time="0.032" /><testcase classname="tests.test_stage5b1b_challenge_review_server" name="test_session_is_blinded_and_matches_targeted_audit_accounting" time="0.008" /><testcase classname="tests.test_stage5b1b_challenge_review_server" name="test_submit_atomically_persists_label_and_verbatim_notes" time="0.008" /><testcase classname="tests.test_stage5b1b_challenge_review_server" name="test_clear_label_concurrent_saves_and_validation" time="0.012" /><testcase classname="tests.test_stage5b1b_challenge_review_server" name="test_http_site_loads_autosaves_and_exports" time="0.516" /><testcase classname="tests.test_stage5b1b_challenge_review_server" name="test_http_rejects_cross_origin_and_unknown_candidates" time="0.512" /><testcase classname="tests.test_stage5b1b_challenge_review_server" name="test_ui_flushes_note_saves_before_export_and_updates_visual_state" time="0.509" /><testcase classname="tests.test_stage5b1b_challenge_review_server" name="test_main_wires_fresh_mode_and_export_name_into_shared_server" time="0.005" /><testcase classname="tests.test_stage5b1b_committed_artifacts" name="test_committed_dev_dataset_is_complete_and_explicitly_not_held_out_proof" time="0.013" /><testcase classname="tests.test_stage5b1b_committed_artifacts" name="test_committed_heldout_discovery_is_complete_metadata_only_and_hash_bound" time="0.007" /><testcase classname="tests.test_stage5b1b_committed_artifacts" name="test_committed_heldout_features_and_targeted_audit_are_complete_without_threshold" time="0.025" /><testcase classname="tests.test_stage5b1b_experiment" name="test_heldout_run_is_sequential_metadata_only_and_sleep_injected" time="0.006" /><testcase classname="tests.test_stage5b1b_experiment" name="test_committed_config_preserves_frozen_query_manifest_and_no_threshold" time="0.002" /><testcase classname="tests.test_stage5b1b_identity" name="test_target_parser_preserves_raw_core_version_and_artists" time="0.001" /><testcase classname="tests.test_stage5b1b_identity" name="test_named_remix_relationships[Roses (Imanbek Remix)-MATCH]" time="0.001" /><testcase classname="tests.test_stage5b1b_identity" name="test_named_remix_relationships[Roses-ABSENT]" time="0.001" /><testcase classname="tests.test_stage5b1b_identity" name="test_named_remix_relationships[Roses (Ti\xebsto Remix)-CONFLICT]" time="0.001" /><testcase classname="tests.test_stage5b1b_identity" name="test_candidate_remix_conflicts_with_plain_target" time="0.000" /><testcase classname="tests.test_stage5b1b_identity" name="test_named_remix_qualifier_can_appear_after_core_title" time="0.001" /><testcase classname="tests.test_stage5b1b_identity" name="test_missing_named_remix_qualifier_is_absent_not_a_match_or_conflict" time="0.001" /><testcase classname="tests.test_stage5b1b_identity" name="test_common_version_families[Fix You - Live in Buenos Aires-Fix You (Live in Buenos Aires)-live-MATCH]" time="0.001" /><testcase classname="tests.test_stage5b1b_identity" name="test_common_version_families[Fix You - Live in Buenos Aires-Fix You-live-ABSENT]" time="0.001" /><testcase classname="tests.test_stage5b1b_identity" name="test_common_version_families[Fix You-Fix You (Live)-live-CONFLICT]" time="0.001" /><testcase classname="tests.test_stage5b1b_identity" name="test_common_version_families[Dreams - 2004 Remaster-Dreams (2004 Remaster)-remaster-MATCH]" time="0.001" /><testcase classname="tests.test_stage5b1b_identity" name="test_common_version_families[Blue Monday - 2016 Remaster-Blue Monday (2020 Remaster)-remaster-CONFLICT]" time="0.001" /><testcase classname="tests.test_stage5b1b_identity" name="test_common_version_families[Smells Like Teen Spirit - Remastered 2021-Smells Like Teen Spirit (2021 Remaster)-remaster-MATCH]" time="0.001" /><testcase classname="tests.test_stage5b1b_identity" name="test_common_version_families[Song - Radio Edit-Song (Radio Edit)-radio_edit-MATCH]" time="0.001" /><testcase classname="tests.test_stage5b1b_identity" name="test_common_version_families[All Too Well (Taylor's Version)-All Too Well (Taylor's Version)-rerecording-MATCH]" time="0.001" /><testcase classname="tests.test_stage5b1b_identity" name="test_common_version_families[abcdefu (angrier)-abcdefu (chill)-named_version-CONFLICT]" time="0.001" /><testcase classname="tests.test_stage5b1b_identity" name="test_explicit_version_conflict_is_ineligible_despite_source_rank_and_views" time="0.001" /><testcase classname="tests.test_stage5b1b_identity" name="test_uploader_mismatch_is_provenance_not_artist_conflict" time="0.001" /><testcase classname="tests.test_stage5b1b_identity" name="test_explicit_cover_performer_conflict_is_ineligible" time="0.001" /><testcase classname="tests.test_stage5b1b_identity" name="test_explicit_different_title_performer_is_ineligible_but_label_uploader_is_not" time="0.001" /><testcase classname="tests.test_stage5b1b_identity" name="test_zero_overlap_core_title_conflict_is_ineligible_without_similarity_cutoff" time="0.001" /><testcase classname="tests.test_stage5b1b_identity" name="test_additional_version_families[Song (Acoustic)-acoustic]" time="0.001" /><testcase classname="tests.test_stage5b1b_identity" name="test_additional_version_families[Song (Instrumental)-instrumental]" time="0.001" /><testcase classname="tests.test_stage5b1b_identity" name="test_additional_version_families[Song (Karaoke)-karaoke]" time="0.001" /><testcase classname="tests.test_stage5b1b_identity" name="test_additional_version_families[Song (Slowed + Reverb)-slowed]" time="0.001" /><testcase classname="tests.test_stage5b1b_identity" name="test_additional_version_families[Song (Slowed + Reverb)-reverb]" time="0.001" /><testcase classname="tests.test_stage5b1b_identity" name="test_additional_version_families[Song (Sped Up)-sped_up]" time="0.001" /><testcase classname="tests.test_stage5b1b_identity" name="test_additional_version_families[Song (Nightcore)-nightcore]" time="0.001" /><testcase classname="tests.test_stage5b1b_identity" name="test_additional_version_families[Song (Extended Mix)-extended]" time="0.001" /><testcase classname="tests.test_stage5b1b_identity" name="test_additional_version_families[Song (Clean Version)-content_rating]" time="0.001" /><testcase classname="tests.test_stage5b1b_identity" name="test_additional_version_families[Song (Explicit Version)-content_rating]" time="0.001" /><testcase classname="tests.test_stage5b1b_identity" name="test_source_classification[candidate0-ART_TRACK_TOPIC]" time="0.001" /><testcase classname="tests.test_stage5b1b_identity" name="test_source_classification[candidate1-ART_TRACK_TOPIC]" time="0.001" /><testcase classname="tests.test_stage5b1b_identity" name="test_source_classification[candidate2-OFFICIAL_AUDIO]" time="0.001" /><testcase classname="tests.test_stage5b1b_identity" name="test_source_classification[candidate3-LYRIC_VIDEO]" time="0.001" /><testcase classname="tests.test_stage5b1b_identity" name="test_source_classification[candidate4-OFFICIAL_MUSIC_VIDEO]" time="0.001" /><testcase classname="tests.test_st
[...]
0" /><testcase classname="tests.test_stage5c2_review_finalize" name="test_reciprocal_pair_evidence_must_agree" time="0.001" /><testcase classname="tests.test_stage5c2_review_finalize" name="test_finalize_review_writes_complete_artifacts_when_correlation_unavailable" time="0.004" /><testcase classname="tests.test_stage5c2_review_finalize" name="test_completed_review_rejects_invalid_timestamp_and_oversized_note" time="0.001" /><testcase classname="tests.test_stage5c2_selector_aware_fallback_supplement" name="test_targeted_supplement_recovers_both_owner_supplied_sources" time="0.003" /><testcase classname="tests.test_stage5c2_selector_aware_fallback_supplement" name="test_supplement_preserves_frozen_stage5c2_inputs_and_selector" time="0.002" /><testcase classname="tests.test_stage5c2_selector_aware_fallback_supplement" name="test_supplement_artifact_manifest_hashes_are_portable_and_valid" time="0.002" /><testcase classname="tests.test_stage5c2a_committed_artifacts" name="test_committed_retention_evidence_is_complete_and_cache_rerun_only" time="0.005" /><testcase classname="tests.test_stage5c2a_committed_artifacts" name="test_committed_playback_evidence_uses_unchanged_amended_100_queue" time="0.001" /><testcase classname="tests.test_stage5c2a_committed_artifacts" name="test_artifact_manifest_hashes_only_non_media_files" time="0.002" /><testcase classname="tests.test_stage5c2a_committed_artifacts" name="test_committed_reports_contain_no_machine_specific_absolute_paths" time="0.001" /><testcase classname="tests.test_stage5c2a_retention" name="test_active_amended_source_reference_is_exactly_100_and_keeps_recoveries" time="0.038" /><testcase classname="tests.test_stage5c2a_retention" name="test_retention_keeps_validated_source_cleans_scratch_and_resumes" time="0.007" /><testcase classname="tests.test_stage5c2a_retention" name="test_failed_partial_download_is_removed" time="0.005" /><testcase classname="tests.test_stage5c2a_retention" name="test_cleanup_failure_is_structured" time="0.006" /><testcase classname="tests.test_stage5c2a_retention" name="test_concurrent_retention_process_is_rejected" time="0.003" /><testcase classname="tests.test_stage5c2a_retention" name="test_retention_implementation_has_no_discovery_or_selector_execution" time="0.001" /><testcase classname="tests.test_stage5c2a_retention" name="test_persistent_media_root_is_ignored_and_no_media_is_tracked" time="0.008" /><testcase classname="tests.test_stage5c2a_retention" name="test_audio_only_webm_is_served_with_an_audio_media_type" time="0.000" /><testcase classname="tests.test_stage5c2a_retention" name="test_spacing_audit_uses_the_enforcing_monotonic_delta" time="0.001" /><testcase classname="tests.test_stage5c2a_retention" name="test_amended_review_queue_and_original_98_evidence_are_untouched" time="0.001" /><testcase classname="tests.test_stage5d0a_catalog" name="test_duplicate_recordings_and_qualified_versions" time="0.001" /><testcase classname="tests.test_stage5d0a_catalog" name="test_cell_limit_alias_provenance_and_checkpoint_resume" time="0.014" /><testcase classname="tests.test_stage5d0a_catalog" name="test_global_ownership_backfill_and_same_year_redistribution" time="0.002" /><testcase classname="tests.test_stage5d0a_catalog" name="test_dedupe_does_not_chain_duration_tolerance" time="0.001" /><testcase classname="tests.test_stage5d0a_catalog" name="test_isrc_display_format_is_canonicalized_without_losing_raw_value" time="0.001" /><testcase classname="tests.test_stage5d0a_manifest" name="test_global_manifest_and_batch_partition_are_deterministic" time="0.056" /><testcase classname="tests.test_stage5d0a_manifest" name="test_seeded_order_is_not_input_or_alphabetical_order" time="0.005" /><testcase classname="tests.test_stage5d0a_manifest" name="test_spotify_id_deduplication_merges_source_memberships" time="0.000" /><testcase classname="tests.test_stage5d0a_manifest" name="test_catalog_requires_explicit_design_and_2000_2026_bounds" time="0.003" /><testcase classname="tests.test_stage5d0a_manifest" name="test_freeze_writes_only_global_and_batch_one_manifests" time="0.100" /><testcase classname="tests.test_stage5d0a_network" name="test_random_track_pacing_and_restart_deadline" time="0.005" /><testcase classname="tests.test_stage5d0a_network" name="test_media_retries_are_bounded_and_obey_outer_spacing" time="0.006" /><testcase classname="tests.test_stage5d0a_network" name="test_retry_after_and_second_429_open_persistent_circuit" time="0.008" /><testcase classname="tests.test_stage5d0a_network" name="test_first_429_cooldown_survives_graceful_stop_and_restart" time="0.006" /><testcase classname="tests.test_stage5d0a_network" name="test_consecutive_unrelated_verification_opens_circuit" time="0.004" /><testcase classname="tests.test_stage5d0a_network" name="test_age_restricted_videos_skip_without_global_block" time="0.006" /><testcase classname="tests.test_stage5d0a_network" name="test_age_text_does_not_mask_real_rate_limit_or_bot_signal" time="0.004" /><testcase classname="tests.test_stage5d0a_network" name="test_unavailable_tracks_do_not_retry_or_open_circuit" time="0.008" /><testcase classname="tests.test_stage5d0a_network" name="test_three_exhausted_transient_tracks_open_circuit" time="0.015" /><testcase classname="tests.test_stage5d0a_network" name="test_success_warnings_recorded_and_stop_does_not_rewrite_state" time="0.003" /><testcase classname="tests.test_stage5d0a_network" name="test_restart_does_not_reset_retry_budget" time="0.005" /><testcase classname="tests.test_stage5d0a_network" name="test_explicit_anti_abuse_stops_without_retry" time="0.003" /><testcase classname="tests.test_stage5d0a_network" name="test_total_request_timeout_interrupts_and_restores_handler" time="0.021" /><testcase classname="tests.test_stage5d0a_network" name="test_retry_after_headers_survive_ytdlp_exception_wrapping" time="0.001" /><testcase classname="tests.test_stage5d0a_processor" name="test_four_cache_conditions_exact_id_and_cleanup[True-True]" time="0.004" /><testcase classname="tests.test_stage5d0a_processor" name="test_four_cache_conditions_exact_id_and_cleanup[True-False]" time="0.004" /><testcase classname="tests.test_stage5d0a_processor" name="test_four_cache_conditions_exact_id_and_cleanup[False-True]" time="0.007" /><testcase classname="tests.test_stage5d0a_processor" name="test_four_cache_conditions_exact_id_and_cleanup[False-False]" time="0.006" /><testcase classname="tests.test_stage5d0a_processor" name="test_failure_cleans_partial_without_source_substitution" time="0.005" /><testcase classname="tests.test_stage5d0a_processor" name="test_selection_is_immutable_and_self_hash_checked" time="0.004" /><testcase classname="tests.test_stage5d0a_processor" name="test_resolution_freezes_exact_source_before_acquisition" time="0.007" /><testcase classname="tests.test_stage5d0a_processor" name="test_unresolved_and_provider_errors_are_distinct_without_download[ALL_QUERY_VARIANTS_EMPTY-MANUAL_TAIL]" time="0.004" /><testcase classname="tests.test_stage5d0a_processor" name="test_unresolved_and_provider_errors_are_distinct_without_download[PROVIDER_ERROR-ACQUISITION_FAILED]" time="0.004" /><testcase classname="tests.test_stage5d0a_processor" name="test_source_remains_indexed_when_frozen_windows_cannot_materialize" time="0.006" /><testcase classname="tests.test_stage5d0a_worker" name="test_batch_500_boundary_and_cache_skips_without_batch_two" time="6.295" /><testcase classname="tests.test_stage5d0a_worker" name="test_stop_resume_preserves_completed_and_manual_tail_continues" time="0.015" /><testcase classname="tests.test_stage5d0a_worker" name="test_mutated_freeze_prevents_worker_construction" time="0.004" /><testcase classname="tests.test_stage5d0a_worker" name="test_health_never_calls_all_failures_healthy" time="0.001" /><testcase classname="tests.test_stage5e1_contract" name="test_corpus_audit_is_deterministic_and_preserves_eligibility" time="0.005" /><testcase classname="tests.test_stage5e1_contract" name="test_corpus_audit_rejects_source_integrity_change" time="0.004" /><testcase classname="tests.test_stage5e1_contract" name="test_corpus_audit_can_freeze_closed_membership_while_cache_grows" time="0.005" /><testcase classname="tests.test_stage5e1_contract" name="test_checkpoint_gate_requires_both_aff_and_local_projection" time="0.002" /><testcase classname="tests.test_stage5e1_contract" name="test_checkpoint_gate_rejects_unexpected_file_before_state_load" time="0.002" /><testcase classname="tests.test_stage5e1_contract" name="test_active_retention_batch_defers_corpus_freeze" time="0.003" /><testcase classname="tests.test_stage5e1_experiment" name="test_experiment_config_keeps_frozen_weights_and_matched_pairs" time="0.000" /><testcase classname="tests.test_stage5e1_experiment" name="test_sampling_plan_shares_one_native_plan_for_b_and_d" time="0.004" /><testcase classname="tests.test_stage5e1_experiment" name="test_blinded_queue_deduplicates_union_and_hides_origins_from_session" time="0.009" /><testcase classname="tests.test_stage5e1_experiment" name="test_local_materialization_resumes_without_reinference" time="0.527" /><testcase classname="tests.test_stage5e1_experiment" name="test_cache_rerun_preserves_first_run_materialization_ledger" time="0.003" /><testcase classname="tests.test_stage5e1_experiment" name="test_common_corpus_analysis_is_deterministic_and_excludes_self" time="0.285" /><testcase classname="tests.test_stage5e1_sampling_cache" name="test_full_song_chunks_cover_source_and_repeat_pad_only_final_chunk" time="0.000" /><testcase classname="tests.test_stage5e1_sampling_cache" name="test_native_fusion_plan_is_deterministic_and_samples_each_third" time="0.001" /><testcase classname="tests.test_stage5e1_sampling_cache" name="test_normalized_mean_normalizes_inputs_and_output" time="0.001" /><testcase classname="tests.test_stage5e1_sampling_cache" name="test_vector_cache_resumes_views_and_validates_pooled_vector" time="0.062" /><testcase classname="tests.test_stage5e2" name="test_labels_deduplicate_copies_and_conflicts_require_review" time="0.001" /><testcase classname="tests.test_stage5e2" name="test_missing_queue_is_deterministic_deduplicated_and_blinded" time="0.001" /><testcase classname="tests.test_stage5e2" name="test_paired_metrics_require_complete_both_pools" time="0.001" /><testcase classname="tests.test_stage5e2" name="test_label_reuse_requires_current_scale_and_frozen_source" time="0.004" /><testcase classname="tests.test_stage5e2" name="test_original100_restricts_both_axes_before_ranking" time="0.034" /><testcase classname="tests.test_stage5e2" name="test_song_view_reuses_reciprocal_ratings_and_hides_origins" time="0.001" /><testcase classname="tests.test_stage5e3_analysis" name="test_precedence[edges0-RECOMMEND_C_CLAP_FOUNDATION]" time="0.001" /><testcase classname="tests.test_stage5e3_analysis" name="test_precedence[edges1-RECOMMEND_C_PLUS_FULL_MUQ_FOUNDATION]" time="0.001" /><testcase classname="tests.test_stage5e3_analysis" name="test_precedence[edges2-FULL_MUQ_PROMISING_FUSION_UNRESOLVED]" time="0.001" /><testcase classname="tests.test_stage5e3_analysis" name="test_precedence[edges3-KEEP_C_PLUS_EXISTING_MUQ_FOUNDATION]" time="0.001" /><testcase classname="tests.test_stage5e3_analysis" name="test_precedence[edges4-INCONCLUSIVE]" time="0.001" /><testcase classname="tests.test_stage5e3_analysis" name="test_precedence[edges5-RECOMMEND_C_CLAP_FOUNDATION]" time="0.001" /><testcase classname="tests.test_stage5e3_analysis" name="test_precedence[edges6-INCONCLUSIVE]" time="0.001" /><testcase classname="tests.test_stage5e3_analysis" name="test_numeric_boundaries_and_nulls" time="0.001" /><testcase classname="tests.test_stage5e3_analysis" name="test_full_fixture_missingness_and_no_artificial_probe_recall" time="9.359" /><testcase classname="tests.test_stage5e3_analysis" name="test_original_sensitivity_insufficient" time="0.671" /><testcase classname="tests.test_stage5e3_analysis" name="test_end_to_end_robust_full_muq_win_and_no_backfill" time="8.867" /><testcase classname="tests.test_stage5e3_analysis" name="test_upper_interval_strict_boundary" time="1.350" /><testcase classname="tests.test_stage5e3_compact_ui" name="test_compact_drafts_playback_submit_and_blinding" time="5.845" /><testcase classname="tests.test_stage5e3_freeze" name="test_immutable_prepare_and_integrity" time="0.023" /><testcase classname="tests.test_stage5e3_freeze" name="test_manifest_detects_modified_config" time="0.019" /><testcase classname="tests.test_stage5e3_review" name="test_retrieval_dedup_and_probes" time="0.050" /><testcase classname="tests.test_stage5e3_review" name="test_atomic_revision_resume_and_freeze" time="0.125" /><testcase classname="tests.test_stage5e3_review" name="test_chromium_playback_range_blinding_submission_resume" time="3.437" /><testcase classname="tests.test_stage5f1_energy_motion" name="test_config_is_frozen_and_rejects_invalid_or_source_loudness_similarity" time="0.001" /><testcase classname="tests.test_stage5f1_energy_motion" name="test_config_file_rejects_missing_nested_keys" time="0.002" /><testcase classname="tests.test_stage5f1_energy_motion" name="test_loudness_parser_uses_final_summary" time="0.000" /><testcase classname="tests.test_stage5f1_energy_motion" name="test_scaler_and_pair_comparison_are_symmetric_and_self_is_one" time="0.006" /><testcase classname="tests.test_stage5f1_energy_motion" name="test_low_confidence_track_cannot_be_rescued_by_confident_partner" time="0.004" /><testcase classname="tests.test_stage5f1_energy_motion" name="test_arousal_proxy_excludes_source_loudness" time="0.003" /><testcase classname="tests.test_stage5f1_energy_motion" name="test_cache_detects_corrupted_payload" time="0.079" /><testcase classname="tests.test_stage5f1_energy_motion" name="test_schema_rejects_nonfinite_values" time="0.001" /><testcase classname="tests.test_stage5f1_energy_motion" name="test_preliminary_source_floor_abstains_before_normalized_motion" time="0.004" /><testcase classname="tests.test_stage5f1_pipeline" name="test_original100_sources_and_frozen_matrices_are_exact" time="0.036" /><testcase classname="tests.test_stage5f1_pipeline" name="test_rating_snapshot_reuses_current_and_historical_evidence" time="0.022" /><testcase classname="tests.test_stage5f1_pipeline" name="test_analysis_never_executes_reranking" time="0.017" /><testcase classname="tests.test_stage5g1" name="test_segmentation_and_tail" time="0.024" /><testcase classname="tests.test_stage5g1" name="test_cache_and_replay" time="0.069" /><testcase classname="tests.test_stage5g1" name="test_invalid_embedding[vector0]" time="0.001" /><testcase classname="tests.test_stage5g1" name="test_invalid_embedding[vector1]" time="0.001" /><testcase classname="tests.test_stage5g1" name="test_invalid_embedding[vector2]" time="0.001" /><testcase classname="tests.test_stage5g1" name="test_preferences_no_unknown_negatives_or_ties" time="0.000" /><testcase classname="tests.test_stage5g1" name="test_group_disjointness" time="0.001" /><testcase classname="tests.test_stage5g1" name="test_symmetry_and_deterministic_training" time="1.394" /><testcase classname="tests.test_stage5g1_controls" name="test_interrupted_cache_reuses_successful_chunks" time="0.056" /><testcase classname="tests.test_stage5g1_controls" name="test_historical_immutability_guard" time="0.009" /><testcase classname="tests.test_stage5g1_controls" name="test_cross_partition_pairs_never_become_training_preferences" time="0.221" /><testcase classname="tests.test_stage5g1a" name="test_symmetry_and_full_dimension" time="0.001" /><testcase classname="tests.test_stage5g1a" name="test_fit_deterministic_only_rated_pairs" time="0.029" /><testcase classname="tests.test_stage5g1a" name="test_groups_and_disjointness" time="0.011" /><testcase classname="tests.test_stage5g1a" name="test_artifact_replay" time="0.009" /><testcase classname="tests.test_stage5g1a" name="test_metrics" time="0.001" /><testcase classname="tests.test_stage5g1a" name="test_diagnoses" time="0.001" /><testcase classname="tests.test_stage5g1b" name="test_cache_replay_and_identity" time="0.015" /><testcase classname="tests.test_stage5g1b" name="test_invalid_embeddings" time="0.001" /><testcase classname="tests.test_stage5g1b" name="test_profiles_symmetry_abstention_and_prompts" time="0.002" /><testcase classname="tests.test_stage5g1b" name="test_anchor_macro_unknown_and_ambiguous" time="0.001" /><testcase classname="tests.test_stage5g1b" name="test_gate_requires_every_control" time="0.001" /><testcase classname="tests.test_style_band_prior" name="test_complete_general_mapping" time="0.009" /><testcase classname="tests.test_style_band_prior" name="test_hierarchical_distance_soft_neighbors_and_abstention" time="0.002" /><testcase classname="tests.test_style_band_prior" name="test_fold_integrity_artist_source_and_human_label_leakage" time="0.001" /><testcase classname="tests.test_style_band_prior" name="test_selection_train_only_tie_zero_and_conservative_bound" time="0.001" /><testcase classname="tests.test_style_band_prior" name="test_corrections_damage_ties_and_unknown_candidates" time="0.001" /><testcase classname="tests.test_style_band_prior" name="test_group_bootstrap_and_verdict_require_breadth" time="0.002" /><testcase classname="tests.test_style_band_prior" name="test_synthetic_end_to_end_determinism_and_frozen_input_guard" time="0.072" /><testcase classname="tests.test_style_embedding_control" name="test_raw_mean_then_normalization" time="0.001" /><testcase classname="tests.test_style_embedding_control" name="test_reject_invalid_embeddings[bad0]" time="0.001" /><testcase classname="tests.test_style_embedding_control" name="test_reject_invalid_embeddings[bad1]" time="0.001" /><testcase classname="tests.test_style_embedding_control" name="test_reject_invalid_embeddings[bad2]" time="0.001" /><testcase classname="tests.test_style_embedding_control" name="test_reject_invalid_embeddings[bad3]" time="0.001" /><testcase classname="tests.test_style_embedding_control" name="test_cache_identity_replay_and_corruption" time="0.029" /><testcase classname="tests.test_style_prior" name="test_distribution_and_distance" time="0.001" /><testcase classname="tests.test_style_prior" name="test_cache_replay_identity_and_corruption" time="0.026" /><testcase classname="tests.test_style_prior" name="test_invalid_predictions[x0]" time="0.001" /><testcase classname="tests.test_style_prior" name="test_invalid_predictions[x1]" time="0.001" /><testcase classname="tests.test_style_prior" name="test_invalid_predictions[x2]" time="0.001" /><testcase classname="tests.test_style_prior" name="test_invalid_predictions[x3]" time="0.001" /><testcase classname="tests.test_style_prior" name="test_folds_disjoint_deterministic_artist_alias" time="0.001" /><testcase classname="tests.test_style_prior" name="test_auc_direction_unknown_not_negative" time="0.001" /><testcase classname="tests.test_style_prior" name="test_penalty_uses_train_only_and_tie_prefers_zero" time="0.001" /><testcase classname="tests.test_style_prior_review" name="test_frozen_review_selection_and_isolated_store" time="0.132" /><testcase classname="tests.test_style_source_audit" name="test_reference_checks_actual_patch_content" time="0.001" /><testcase classname="tests.test_style_source_audit" name="test_invalid_reference_rejected[bad0]" time="0.001" /><testcase classname="tests.test_style_source_audit" name="test_invalid_reference_rejected[bad1]" time="0.001" /><testcase classname="tests.test_taxonomy_review" name="test_persistence_conflict_export_and_freeze" time="0.125" /><testcase classname="tests.test_taxonomy_review" name="test_public_whitelist_and_unknown_pairs" time="0.072" /><testcase classname="tests.test_taxonomy_review" name="test_balanced_selection_deterministic_and_no_track_reuse" time="0.001" /><testcase classname="tests.test_taxonomy_review" name="test_long_unicode_note_persists_without_truncation" time="0.095" /></testsuite></testsuites>