{"/home/bphan944/PersonalProjects/spotifyProject/backend/src/controllers/auth.spotifyCallback.ts": {"path":"/home/bphan944/PersonalProjects/spotifyProject/backend/src/controllers/auth.spotifyCallback.ts","statementMap":{"0":{"start":{"line":3,"column":0},"end":{"line":3,"column":65}},"1":{"start":{"line":4,"column":0},"end":{"line":4,"column":70}},"2":{"start":{"line":5,"column":0},"end":{"line":5,"column":58}},"3":{"start":{"line":6,"column":0},"end":{"line":6,"column":61}},"4":{"start":{"line":7,"column":0},"end":{"line":7,"column":58}},"5":{"start":{"line":8,"column":0},"end":{"line":8,"column":31}},"6":{"start":{"line":9,"column":0},"end":{"line":9,"column":29}},"7":{"start":{"line":12,"column":31},"end":{"line":44,"column":1}},"8":{"start":{"line":14,"column":35},"end":{"line":14,"column":44}},"9":{"start":{"line":15,"column":24},"end":{"line":15,"column":57}},"10":{"start":{"line":17,"column":4},"end":{"line":17,"column":82}},"11":{"start":{"line":17,"column":15},"end":{"line":17,"column":82}},"12":{"start":{"line":18,"column":4},"end":{"line":20,"column":5}},"13":{"start":{"line":19,"column":8},"end":{"line":19,"column":74}},"14":{"start":{"line":21,"column":4},"end":{"line":21,"column":78}},"15":{"start":{"line":21,"column":15},"end":{"line":21,"column":78}},"16":{"start":{"line":22,"column":4},"end":{"line":41,"column":5}},"17":{"start":{"line":24,"column":30},"end":{"line":24,"column":65}},"18":{"start":{"line":25,"column":36},"end":{"line":25,"column":88}},"19":{"start":{"line":26,"column":33},"end":{"line":26,"column":91}},"20":{"start":{"line":27,"column":8},"end":{"line":27,"column":43}},"21":{"start":{"line":28,"column":8},"end":{"line":28,"column":81}},"22":{"start":{"line":31,"column":26},"end":{"line":31,"column":115}},"23":{"start":{"line":33,"column":8},"end":{"line":33,"column":91}},"24":{"start":{"line":35,"column":8},"end":{"line":35,"column":90}},"25":{"start":{"line":39,"column":8},"end":{"line":39,"column":29}},"26":{"start":{"line":40,"column":8},"end":{"line":40,"column":71}},"27":{"start":{"line":12,"column":13},"end":{"line":12,"column":31}}},"fnMap":{"0":{"name":"(anonymous_1)","decl":{"start":{"line":12,"column":31},"end":{"line":12,"column":36}},"loc":{"start":{"line":12,"column":69},"end":{"line":44,"column":1}}}},"branchMap":{"0":{"loc":{"start":{"line":17,"column":4},"end":{"line":17,"column":82}},"type":"if","locations":[{"start":{"line":17,"column":4},"end":{"line":17,"column":82}},{"start":{},"end":{}}]},"1":{"loc":{"start":{"line":18,"column":4},"end":{"line":20,"column":5}},"type":"if","locations":[{"start":{"line":18,"column":4},"end":{"line":20,"column":5}},{"start":{},"end":{}}]},"2":{"loc":{"start":{"line":18,"column":8},"end":{"line":18,"column":39}},"type":"binary-expr","locations":[{"start":{"line":18,"column":8},"end":{"line":18,"column":14}},{"start":{"line":18,"column":18},"end":{"line":18,"column":39}}]},"3":{"loc":{"start":{"line":21,"column":4},"end":{"line":21,"column":78}},"type":"if","locations":[{"start":{"line":21,"column":4},"end":{"line":21,"column":78}},{"start":{},"end":{}}]}},"s":{"0":1,"1":1,"2":1,"3":1,"4":1,"5":1,"6":1,"7":1,"8":13,"9":13,"10":13,"11":1,"12":12,"13":2,"14":10,"15":1,"16":9,"17":9,"18":8,"19":7,"20":7,"21":6,"22":6,"23":6,"24":6,"25":3,"26":3,"27":1},"f":{"0":13},"b":{"0":[1,12],"1":[2,10],"2":[12,11],"3":[1,9]}}
,"/home/bphan944/PersonalProjects/spotifyProject/backend/src/middleware/auth.middleware.ts": {"path":"/home/bphan944/PersonalProjects/spotifyProject/backend/src/middleware/auth.middleware.ts","statementMap":{"0":{"start":{"line":7,"column":0},"end":{"line":7,"column":31}},"1":{"start":{"line":8,"column":0},"end":{"line":8,"column":29}},"2":{"start":{"line":11,"column":18},"end":{"line":11,"column":32}},"3":{"start":{"line":13,"column":26},"end":{"line":28,"column":1}},"4":{"start":{"line":15,"column":4},"end":{"line":17,"column":5}},"5":{"start":{"line":16,"column":8},"end":{"line":16,"column":78}},"6":{"start":{"line":18,"column":4},"end":{"line":27,"column":5}},"7":{"start":{"line":19,"column":24},"end":{"line":19,"column":87}},"8":{"start":{"line":21,"column":8},"end":{"line":21,"column":null}},"9":{"start":{"line":22,"column":8},"end":{"line":22,"column":15}},"10":{"start":{"line":26,"column":8},"end":{"line":26,"column":75}},"11":{"start":{"line":13,"column":13},"end":{"line":13,"column":26}}},"fnMap":{"0":{"name":"(anonymous_1)","decl":{"start":{"line":13,"column":26},"end":{"line":13,"column":27}},"loc":{"start":{"line":13,"column":78},"end":{"line":28,"column":1}}}},"branchMap":{"0":{"loc":{"start":{"line":15,"column":4},"end":{"line":17,"column":5}},"type":"if","locations":[{"start":{"line":15,"column":4},"end":{"line":17,"column":5}},{"start":{},"end":{}}]},"1":{"loc":{"start":{"line":15,"column":8},"end":{"line":15,"column":40}},"type":"binary-expr","locations":[{"start":{"line":15,"column":8},"end":{"line":15,"column":20}},{"start":{"line":15,"column":24},"end":{"line":15,"column":40}}]}},"s":{"0":1,"1":1,"2":1,"3":1,"4":5,"5":1,"6":4,"7":4,"8":2,"9":2,"10":2,"11":1},"f":{"0":5},"b":{"0":[1,4],"1":[5,5]}}
,"/home/bphan944/PersonalProjects/spotifyProject/backend/src/models/User.ts": {"path":"/home/bphan944/PersonalProjects/spotifyProject/backend/src/models/User.ts","statementMap":{"0":{"start":{"line":1,"column":0},"end":{"line":1,"column":34}},"1":{"start":{"line":2,"column":0},"end":{"line":2,"column":33}},"2":{"start":{"line":12,"column":27},"end":{"line":21,"column":24}},"3":{"start":{"line":24,"column":13},"end":{"line":24,"column":73}}},"fnMap":{},"branchMap":{},"s":{"0":1,"1":1,"2":1,"3":1},"f":{},"b":{}}
,"/home/bphan944/PersonalProjects/spotifyProject/backend/src/services/mongo.user.services.ts": {"path":"/home/bphan944/PersonalProjects/spotifyProject/backend/src/services/mongo.user.services.ts","statementMap":{"0":{"start":{"line":3,"column":0},"end":{"line":3,"column":43}},"1":{"start":{"line":4,"column":0},"end":{"line":4,"column":32}},"2":{"start":{"line":7,"column":26},"end":{"line":19,"column":1}},"3":{"start":{"line":8,"column":4},"end":{"line":18,"column":null}},"4":{"start":{"line":7,"column":13},"end":{"line":7,"column":26}},"5":{"start":{"line":23,"column":27},"end":{"line":35,"column":1}},"6":{"start":{"line":25,"column":17},"end":{"line":25,"column":55}},"7":{"start":{"line":26,"column":4},"end":{"line":26,"column":27}},"8":{"start":{"line":26,"column":15},"end":{"line":26,"column":27}},"9":{"start":{"line":28,"column":4},"end":{"line":32,"column":null}},"10":{"start":{"line":23,"column":13},"end":{"line":23,"column":27}},"11":{"start":{"line":39,"column":31},"end":{"line":44,"column":1}},"12":{"start":{"line":40,"column":17},"end":{"line":40,"column":55}},"13":{"start":{"line":41,"column":4},"end":{"line":41,"column":27}},"14":{"start":{"line":41,"column":15},"end":{"line":41,"column":27}},"15":{"start":{"line":42,"column":4},"end":{"line":42,"column":29}},"16":{"start":{"line":39,"column":13},"end":{"line":39,"column":31}},"17":{"start":{"line":47,"column":34},"end":{"line":57,"column":1}},"18":{"start":{"line":49,"column":4},"end":{"line":54,"column":null}},"19":{"start":{"line":47,"column":13},"end":{"line":47,"column":34}}},"fnMap":{"0":{"name":"(anonymous_1)","decl":{"start":{"line":7,"column":26},"end":{"line":7,"column":31}},"loc":{"start":{"line":7,"column":66},"end":{"line":19,"column":1}}},"1":{"name":"(anonymous_2)","decl":{"start":{"line":23,"column":27},"end":{"line":23,"column":32}},"loc":{"start":{"line":23,"column":83},"end":{"line":35,"column":1}}},"2":{"name":"(anonymous_3)","decl":{"start":{"line":39,"column":31},"end":{"line":39,"column":36}},"loc":{"start":{"line":39,"column":83},"end":{"line":44,"column":1}}},"3":{"name":"(anonymous_4)","decl":{"start":{"line":47,"column":34},"end":{"line":47,"column":39}},"loc":{"start":{"line":47,"column":99},"end":{"line":57,"column":1}}}},"branchMap":{"0":{"loc":{"start":{"line":14,"column":20},"end":{"line":14,"column":76}},"type":"binary-expr","locations":[{"start":{"line":14,"column":20},"end":{"line":14,"column":37}},{"start":{"line":14,"column":41},"end":{"line":14,"column":76}}]},"1":{"loc":{"start":{"line":26,"column":4},"end":{"line":26,"column":27}},"type":"if","locations":[{"start":{"line":26,"column":4},"end":{"line":26,"column":27}},{"start":{},"end":{}}]},"2":{"loc":{"start":{"line":41,"column":4},"end":{"line":41,"column":27}},"type":"if","locations":[{"start":{"line":41,"column":4},"end":{"line":41,"column":27}},{"start":{},"end":{}}]}},"s":{"0":1,"1":1,"2":1,"3":10,"4":1,"5":1,"6":2,"7":2,"8":1,"9":1,"10":1,"11":1,"12":2,"13":2,"14":1,"15":1,"16":1,"17":1,"18":1,"19":1},"f":{"0":10,"1":2,"2":2,"3":1},"b":{"0":[10,9],"1":[1,1],"2":[1,1]}}
,"/home/bphan944/PersonalProjects/spotifyProject/backend/src/services/token.service.ts": {"path":"/home/bphan944/PersonalProjects/spotifyProject/backend/src/services/token.service.ts","statementMap":{"0":{"start":{"line":2,"column":0},"end":{"line":2,"column":35}},"1":{"start":{"line":3,"column":0},"end":{"line":3,"column":86}},"2":{"start":{"line":5,"column":0},"end":{"line":5,"column":70}},"3":{"start":{"line":8,"column":30},"end":{"line":10,"column":1}},"4":{"start":{"line":9,"column":4},"end":{"line":9,"column":null}},"5":{"start":{"line":8,"column":13},"end":{"line":8,"column":30}},"6":{"start":{"line":14,"column":30},"end":{"line":21,"column":1}},"7":{"start":{"line":15,"column":19},"end":{"line":15,"column":67}},"8":{"start":{"line":16,"column":4},"end":{"line":18,"column":5}},"9":{"start":{"line":17,"column":8},"end":{"line":17,"column":20}},"10":{"start":{"line":19,"column":4},"end":{"line":19,"column":17}},"11":{"start":{"line":14,"column":13},"end":{"line":14,"column":30}},"12":{"start":{"line":24,"column":33},"end":{"line":26,"column":1}},"13":{"start":{"line":25,"column":4},"end":{"line":25,"column":null}},"14":{"start":{"line":24,"column":13},"end":{"line":24,"column":33}},"15":{"start":{"line":30,"column":35},"end":{"line":46,"column":1}},"16":{"start":{"line":31,"column":18},"end":{"line":31,"column":49}},"17":{"start":{"line":32,"column":4},"end":{"line":32,"column":28}},"18":{"start":{"line":32,"column":15},"end":{"line":32,"column":28}},"19":{"start":{"line":35,"column":25},"end":{"line":35,"column":57}},"20":{"start":{"line":36,"column":4},"end":{"line":36,"column":77}},"21":{"start":{"line":36,"column":23},"end":{"line":36,"column":77}},"22":{"start":{"line":37,"column":33},"end":{"line":37,"column":71}},"23":{"start":{"line":39,"column":4},"end":{"line":41,"column":5}},"24":{"start":{"line":40,"column":8},"end":{"line":40,"column":80}},"25":{"start":{"line":42,"column":4},"end":{"line":42,"column":71}},"26":{"start":{"line":43,"column":4},"end":{"line":43,"column":45}},"27":{"start":{"line":30,"column":13},"end":{"line":30,"column":35}}},"fnMap":{"0":{"name":"(anonymous_1)","decl":{"start":{"line":8,"column":30},"end":{"line":8,"column":35}},"loc":{"start":{"line":8,"column":94},"end":{"line":10,"column":1}}},"1":{"name":"(anonymous_2)","decl":{"start":{"line":14,"column":30},"end":{"line":14,"column":35}},"loc":{"start":{"line":14,"column":82},"end":{"line":21,"column":1}}},"2":{"name":"(anonymous_3)","decl":{"start":{"line":24,"column":33},"end":{"line":24,"column":38}},"loc":{"start":{"line":24,"column":76},"end":{"line":26,"column":1}}},"3":{"name":"(anonymous_4)","decl":{"start":{"line":30,"column":35},"end":{"line":30,"column":40}},"loc":{"start":{"line":30,"column":80},"end":{"line":46,"column":1}}}},"branchMap":{"0":{"loc":{"start":{"line":16,"column":4},"end":{"line":18,"column":5}},"type":"if","locations":[{"start":{"line":16,"column":4},"end":{"line":18,"column":5}},{"start":{},"end":{}}]},"1":{"loc":{"start":{"line":32,"column":4},"end":{"line":32,"column":28}},"type":"if","locations":[{"start":{"line":32,"column":4},"end":{"line":32,"column":28}},{"start":{},"end":{}}]},"2":{"loc":{"start":{"line":36,"column":4},"end":{"line":36,"column":77}},"type":"if","locations":[{"start":{"line":36,"column":4},"end":{"line":36,"column":77}},{"start":{},"end":{}}]},"3":{"loc":{"start":{"line":39,"column":4},"end":{"line":41,"column":5}},"type":"if","locations":[{"start":{"line":39,"column":4},"end":{"line":41,"column":5}},{"start":{},"end":{}}]},"4":{"loc":{"start":{"line":39,"column":8},"end":{"line":39,"column":96}},"type":"binary-expr","locations":[{"start":{"line":39,"column":8},"end":{"line":39,"column":42}},{"start":{"line":39,"column":46},"end":{"line":39,"column":96}}]}},"s":{"0":1,"1":1,"2":1,"3":1,"4":4,"5":1,"6":1,"7":7,"8":7,"9":5,"10":2,"11":1,"12":1,"13":1,"14":1,"15":1,"16":5,"17":5,"18":1,"19":4,"20":4,"21":1,"22":3,"23":3,"24":1,"25":3,"26":3,"27":1},"f":{"0":4,"1":7,"2":1,"3":5},"b":{"0":[5,2],"1":[1,4],"2":[1,3],"3":[1,2],"4":[3,2]}}
,"/home/bphan944/PersonalProjects/spotifyProject/backend/src/utils/mappers.ts": {"path":"/home/bphan944/PersonalProjects/spotifyProject/backend/src/utils/mappers.ts","statementMap":{"0":{"start":{"line":8,"column":38},"end":{"line":18,"column":1}},"1":{"start":{"line":10,"column":36},"end":{"line":15,"column":6}},"2":{"start":{"line":16,"column":4},"end":{"line":16,"column":25}},"3":{"start":{"line":8,"column":13},"end":{"line":8,"column":38}}},"fnMap":{"0":{"name":"(anonymous_0)","decl":{"start":{"line":8,"column":38},"end":{"line":8,"column":39}},"loc":{"start":{"line":8,"column":91},"end":{"line":18,"column":1}}}},"branchMap":{"0":{"loc":{"start":{"line":13,"column":27},"end":{"line":13,"column":54}},"type":"binary-expr","locations":[{"start":{"line":13,"column":27},"end":{"line":13,"column":46}},{"start":{"line":13,"column":50},"end":{"line":13,"column":54}}]},"1":{"loc":{"start":{"line":14,"column":12},"end":{"line":14,"column":72}},"type":"binary-expr","locations":[{"start":{"line":14,"column":12},"end":{"line":14,"column":31}},{"start":{"line":14,"column":35},"end":{"line":14,"column":72}}]}},"s":{"0":2,"1":14,"2":14,"3":2},"f":{"0":14},"b":{"0":[14,1],"1":[14,13]}}
}
