TN:
SF:src/controllers/auth.spotifyCallback.ts
FN:12,(anonymous_1)
FNF:1
FNH:1
FNDA:13,(anonymous_1)
DA:3,1
DA:4,1
DA:5,1
DA:6,1
DA:7,1
DA:8,1
DA:9,1
DA:12,1
DA:14,13
DA:15,13
DA:17,13
DA:18,12
DA:19,2
DA:21,10
DA:22,9
DA:24,9
DA:25,8
DA:26,7
DA:27,7
DA:28,6
DA:31,6
DA:33,6
DA:35,6
DA:39,3
DA:40,3
LF:25
LH:25
BRDA:17,0,0,1
BRDA:17,0,1,12
BRDA:18,1,0,2
BRDA:18,1,1,10
BRDA:18,2,0,12
BRDA:18,2,1,11
BRDA:21,3,0,1
BRDA:21,3,1,9
BRF:8
BRH:8
end_of_record
TN:
SF:src/middleware/auth.middleware.ts
FN:13,(anonymous_1)
FNF:1
FNH:1
FNDA:5,(anonymous_1)
DA:7,1
DA:8,1
DA:11,1
DA:13,1
DA:15,5
DA:16,1
DA:18,4
DA:19,4
DA:21,2
DA:22,2
DA:26,2
LF:11
LH:11
BRDA:15,0,0,1
BRDA:15,0,1,4
BRDA:15,1,0,5
BRDA:15,1,1,5
BRF:4
BRH:4
end_of_record
TN:
SF:src/models/User.ts
FNF:0
FNH:0
DA:1,1
DA:2,1
DA:12,1
DA:24,1
LF:4
LH:4
BRF:0
BRH:0
end_of_record
TN:
SF:src/services/mongo.user.services.ts
FN:7,(anonymous_1)
FN:23,(anonymous_2)
FN:39,(anonymous_3)
FN:47,(anonymous_4)
FNF:4
FNH:4
FNDA:10,(anonymous_1)
FNDA:2,(anonymous_2)
FNDA:2,(anonymous_3)
FNDA:1,(anonymous_4)
DA:3,1
DA:4,1
DA:7,1
DA:8,10
DA:23,1
DA:25,2
DA:26,2
DA:28,1
DA:39,1
DA:40,2
DA:41,2
DA:42,1
DA:47,1
DA:49,1
LF:14
LH:14
BRDA:14,0,0,10
BRDA:14,0,1,9
BRDA:26,1,0,1
BRDA:26,1,1,1
BRDA:41,2,0,1
BRDA:41,2,1,1
BRF:6
BRH:6
end_of_record
TN:
SF:src/services/token.service.ts
FN:8,(anonymous_1)
FN:14,(anonymous_2)
FN:24,(anonymous_3)
FN:30,(anonymous_4)
FNF:4
FNH:4
FNDA:4,(anonymous_1)
FNDA:7,(anonymous_2)
FNDA:1,(anonymous_3)
FNDA:5,(anonymous_4)
DA:2,1
DA:3,1
DA:5,1
DA:8,1
DA:9,4
DA:14,1
DA:15,7
DA:16,7
DA:17,5
DA:19,2
DA:24,1
DA:25,1
DA:30,1
DA:31,5
DA:32,5
DA:35,4
DA:36,4
DA:37,3
DA:39,3
DA:40,1
DA:42,3
DA:43,3
LF:22
LH:22
BRDA:16,0,0,5
BRDA:16,0,1,2
BRDA:32,1,0,1
BRDA:32,1,1,4
BRDA:36,2,0,1
BRDA:36,2,1,3
BRDA:39,3,0,1
BRDA:39,3,1,2
BRDA:39,4,0,3
BRDA:39,4,1,2
BRF:10
BRH:10
end_of_record
TN:
SF:src/utils/mappers.ts
FN:8,(anonymous_0)
FNF:1
FNH:1
FNDA:14,(anonymous_0)
DA:8,2
DA:10,14
DA:16,14
LF:3
LH:3
BRDA:13,0,0,14
BRDA:13,0,1,1
BRDA:14,1,0,14
BRDA:14,1,1,13
BRF:4
BRH:4
end_of_record
